18:49:00 **** Incremental Build of configuration Rio_Beagle for project 2168_Vision_Example ****
Info: Internal Builder is used for build
arm-frc-linux-gnueabi-g++ "-IC:\\Users\\code\\Downloads\\2168_Vision_Example-master\\2168_Vision_Example-master\\_Includes\\OpenCV\\2.4.10" -O2 -g -Wall -c -fmessage-length=0 -fPIC -o "src\\main.o" "..\\src\\main.cpp" 
Cannot run program "arm-frc-linux-gnueabi-g++": Launching failed

Error: Program "arm-frc-linux-gnueabi-g++" not found in PATH
PATH=[C:/Program Files/Java/jre1.8.0_25/bin/server;C:/Program Files/Java/jre1.8.0_25/bin;C:/Program Files/Java/jre1.8.0_25/lib/amd64;C:\ProgramData\Oracle\Java\javapath;C:\Program Files\Common Files\Microsoft Shared\Windows Live;C:\Program Files (x86)\Common Files\Microsoft Shared\Windows Live;C:\Windows\system32;C:\Windows;C:\Windows\System32\Wbem;C:\Windows\System32\WindowsPowerShell\v1.0\;C:\Program Files (x86)\Autodesk\Backburner\;C:\Program Files\IVI Foundation\VISA\Win64\Bin\;C:\Program Files (x86)\IVI Foundation\VISA\WinNT\Bin\;C:\Program Files (x86)\IVI Foundation\VISA\WinNT\Bin;C:\Program Files\TortoiseSVN\bin;C:\Program Files\MATLAB\R2012b\runtime\win64;C:\Program Files\MATLAB\R2012b\bin;C:\Program Files\WPIJavaCV\OpenCV_2.2.0\bin;C:\Program Files (x86)\Windows Live\Shared;C:\Program Files\Java\jre1.8.0_25\bin;C:\eclipse;]


18:49:00 Build Finished (took 120ms)

18:49:37 **** Incremental Build of configuration Rio_Beagle for project 2168_Vision_Example ****
Info: Internal Builder is used for build
arm-frc-linux-gnueabi-g++ "-IC:\\Users\\code\\Downloads\\2168_Vision_Example-master\\2168_Vision_Example-master\\_Includes\\OpenCV\\2.4.10" -O2 -g -Wall -c -fmessage-length=0 -fPIC -o "src\\main.o" "..\\src\\main.cpp" 
Cannot run program "arm-frc-linux-gnueabi-g++": Launching failed

Error: Program "arm-frc-linux-gnueabi-g++" not found in PATH
PATH=[C:/Program Files/Java/jre1.8.0_25/bin/server;C:/Program Files/Java/jre1.8.0_25/bin;C:/Program Files/Java/jre1.8.0_25/lib/amd64;C:\ProgramData\Oracle\Java\javapath;C:\Program Files\Common Files\Microsoft Shared\Windows Live;C:\Program Files (x86)\Common Files\Microsoft Shared\Windows Live;C:\Windows\system32;C:\Windows;C:\Windows\System32\Wbem;C:\Windows\System32\WindowsPowerShell\v1.0\;C:\Program Files (x86)\Autodesk\Backburner\;C:\Program Files\IVI Foundation\VISA\Win64\Bin\;C:\Program Files (x86)\IVI Foundation\VISA\WinNT\Bin\;C:\Program Files (x86)\IVI Foundation\VISA\WinNT\Bin;C:\Program Files\TortoiseSVN\bin;C:\Program Files\MATLAB\R2012b\runtime\win64;C:\Program Files\MATLAB\R2012b\bin;C:\Program Files\WPIJavaCV\OpenCV_2.2.0\bin;C:\Program Files (x86)\Windows Live\Shared;C:\Program Files\Java\jre1.8.0_25\bin;C:\eclipse;]


**** Build of configuration Debug for project ProjectEuler ****

Nothing to build for project ProjectEuler
18:53:51 **** Incremental Build of configuration Rio_Beagle for project 2168_Vision_Example ****
Info: Internal Builder is used for build
arm-frc-linux-gnueabi-g++ "-IC:\\Users\\code\\Downloads\\2168_Vision_Example-master\\2168_Vision_Example-master\\_Includes\\OpenCV\\2.4.10" -O2 -g -Wall -c -fmessage-length=0 -fPIC -o "src\\main.o" "..\\src\\main.cpp" 
Cannot run program "arm-frc-linux-gnueabi-g++": Launching failed

Error: Program "arm-frc-linux-gnueabi-g++" not found in PATH
PATH=[C:/Program Files/Java/jre1.8.0_25/bin/server;C:/Program Files/Java/jre1.8.0_25/bin;C:/Program Files/Java/jre1.8.0_25/lib/amd64;C:\ProgramData\Oracle\Java\javapath;C:\Program Files\Common Files\Microsoft Shared\Windows Live;C:\Program Files (x86)\Common Files\Microsoft Shared\Windows Live;C:\Windows\system32;C:\Windows;C:\Windows\System32\Wbem;C:\Windows\System32\WindowsPowerShell\v1.0\;C:\Program Files (x86)\Autodesk\Backburner\;C:\Program Files\IVI Foundation\VISA\Win64\Bin\;C:\Program Files (x86)\IVI Foundation\VISA\WinNT\Bin\;C:\Program Files (x86)\IVI Foundation\VISA\WinNT\Bin;C:\Program Files\TortoiseSVN\bin;C:\Program Files\MATLAB\R2012b\runtime\win64;C:\Program Files\MATLAB\R2012b\bin;C:\Program Files\WPIJavaCV\OpenCV_2.2.0\bin;C:\Program Files (x86)\Windows Live\Shared;C:\Program Files\Java\jre1.8.0_25\bin;C:\eclipse;]


**** Build of configuration Debug for project ProjectEuler ****

Nothing to build for project ProjectEuler
18:55:22 **** Incremental Build of configuration Rio_Beagle for project 2168_Vision_Example ****
Info: Internal Builder is used for build
arm-frc-linux-gnueabi-g++ "-IC:\\Users\\code\\Downloads\\2168_Vision_Example-master\\2168_Vision_Example-master\\_Includes\\OpenCV\\2.4.10" -O2 -g -Wall -c -fmessage-length=0 -fPIC -o "src\\main.o" "..\\src\\main.cpp" 
Cannot run program "arm-frc-linux-gnueabi-g++": Launching failed

Error: Program "arm-frc-linux-gnueabi-g++" not found in PATH
PATH=[C:/Program Files/Java/jre1.8.0_25/bin/server;C:/Program Files/Java/jre1.8.0_25/bin;C:/Program Files/Java/jre1.8.0_25/lib/amd64;C:\ProgramData\Oracle\Java\javapath;C:\Program Files\Common Files\Microsoft Shared\Windows Live;C:\Program Files (x86)\Common Files\Microsoft Shared\Windows Live;C:\Windows\system32;C:\Windows;C:\Windows\System32\Wbem;C:\Windows\System32\WindowsPowerShell\v1.0\;C:\Program Files (x86)\Autodesk\Backburner\;C:\Program Files\IVI Foundation\VISA\Win64\Bin\;C:\Program Files (x86)\IVI Foundation\VISA\WinNT\Bin\;C:\Program Files (x86)\IVI Foundation\VISA\WinNT\Bin;C:\Program Files\TortoiseSVN\bin;C:\Program Files\MATLAB\R2012b\runtime\win64;C:\Program Files\MATLAB\R2012b\bin;C:\Program Files\WPIJavaCV\OpenCV_2.2.0\bin;C:\Program Files (x86)\Windows Live\Shared;C:\Program Files\Java\jre1.8.0_25\bin;C:\eclipse;]


**** Build of configuration Debug for project ProjectEuler ****

Nothing to build for project ProjectEuler
19:02:11 **** Incremental Build of configuration Rio_Beagle for project 2168_Vision_Example ****
Info: Internal Builder is used for build
arm-frc-linux-gnueabi-g++ "-IC:\\Users\\code\\Downloads\\2168_Vision_Example-master\\2168_Vision_Example-master\\_Includes\\OpenCV\\2.4.10" -O2 -g -Wall -c -fmessage-length=0 -fPIC -o "src\\main.o" "..\\src\\main.cpp" 
Cannot run program "arm-frc-linux-gnueabi-g++": Launching failed

Error: Program "arm-frc-linux-gnueabi-g++" not found in PATH
PATH=[C:/Program Files/Java/jre1.8.0_25/bin/server;C:/Program Files/Java/jre1.8.0_25/bin;C:/Program Files/Java/jre1.8.0_25/lib/amd64;C:\ProgramData\Oracle\Java\javapath;C:\Program Files\Common Files\Microsoft Shared\Windows Live;C:\Program Files (x86)\Common Files\Microsoft Shared\Windows Live;C:\Windows\system32;C:\Windows;C:\Windows\System32\Wbem;C:\Windows\System32\WindowsPowerShell\v1.0\;C:\Program Files (x86)\Autodesk\Backburner\;C:\Program Files\IVI Foundation\VISA\Win64\Bin\;C:\Program Files (x86)\IVI Foundation\VISA\WinNT\Bin\;C:\Program Files (x86)\IVI Foundation\VISA\WinNT\Bin;C:\Program Files\TortoiseSVN\bin;C:\Program Files\MATLAB\R2012b\runtime\win64;C:\Program Files\MATLAB\R2012b\bin;C:\Program Files\WPIJavaCV\OpenCV_2.2.0\bin;C:\Program Files (x86)\Windows Live\Shared;C:\Program Files\Java\jre1.8.0_25\bin;C:\eclipse;]


**** Build of configuration Debug for project ProjectEuler ****

Nothing to build for project ProjectEuler
19:04:12 **** Incremental Build of configuration Rio_Beagle for project 2168_Vision_Example ****
Info: Internal Builder is used for build
arm-frc-linux-gnueabi-g++ "-IC:\\Users\\code\\Downloads\\2168_Vision_Example-master\\2168_Vision_Example-master\\_Includes\\OpenCV\\2.4.10" -O2 -g -Wall -c -fmessage-length=0 -fPIC -o "src\\main.o" "..\\src\\main.cpp" 
Cannot run program "arm-frc-linux-gnueabi-g++": Launching failed

Error: Program "arm-frc-linux-gnueabi-g++" not found in PATH
PATH=[C:/Program Files/Java/jre1.8.0_25/bin/server;C:/Program Files/Java/jre1.8.0_25/bin;C:/Program Files/Java/jre1.8.0_25/lib/amd64;C:\ProgramData\Oracle\Java\javapath;C:\Program Files\Common Files\Microsoft Shared\Windows Live;C:\Program Files (x86)\Common Files\Microsoft Shared\Windows Live;C:\Windows\system32;C:\Windows;C:\Windows\System32\Wbem;C:\Windows\System32\WindowsPowerShell\v1.0\;C:\Program Files (x86)\Autodesk\Backburner\;C:\Program Files\IVI Foundation\VISA\Win64\Bin\;C:\Program Files (x86)\IVI Foundation\VISA\WinNT\Bin\;C:\Program Files (x86)\IVI Foundation\VISA\WinNT\Bin;C:\Program Files\TortoiseSVN\bin;C:\Program Files\MATLAB\R2012b\runtime\win64;C:\Program Files\MATLAB\R2012b\bin;C:\Program Files\WPIJavaCV\OpenCV_2.2.0\bin;C:\Program Files (x86)\Windows Live\Shared;C:\Program Files\Java\jre1.8.0_25\bin;C:\eclipse;]


**** Build of configuration Debug for project ProjectEuler ****

Nothing to build for project ProjectEuler
19:06:24 **** Incremental Build of configuration Rio_Beagle for project 2168_Vision_Example ****
Info: Internal Builder is used for build
arm-frc-linux-gnueabi-g++ "-IC:\\Users\\code\\Downloads\\2168_Vision_Example-master\\2168_Vision_Example-master\\_Includes\\OpenCV\\2.4.10" -O2 -g -Wall -c -fmessage-length=0 -fPIC -o "src\\main.o" "..\\src\\main.cpp" 
Cannot run program "arm-frc-linux-gnueabi-g++": Launching failed

Error: Program "arm-frc-linux-gnueabi-g++" not found in PATH
PATH=[C:/Program Files/Java/jre1.8.0_25/bin/server;C:/Program Files/Java/jre1.8.0_25/bin;C:/Program Files/Java/jre1.8.0_25/lib/amd64;C:\ProgramData\Oracle\Java\javapath;C:\Program Files\Common Files\Microsoft Shared\Windows Live;C:\Program Files (x86)\Common Files\Microsoft Shared\Windows Live;C:\Windows\system32;C:\Windows;C:\Windows\System32\Wbem;C:\Windows\System32\WindowsPowerShell\v1.0\;C:\Program Files (x86)\Autodesk\Backburner\;C:\Program Files\IVI Foundation\VISA\Win64\Bin\;C:\Program Files (x86)\IVI Foundation\VISA\WinNT\Bin\;C:\Program Files (x86)\IVI Foundation\VISA\WinNT\Bin;C:\Program Files\TortoiseSVN\bin;C:\Program Files\MATLAB\R2012b\runtime\win64;C:\Program Files\MATLAB\R2012b\bin;C:\Program Files\WPIJavaCV\OpenCV_2.2.0\bin;C:\Program Files (x86)\Windows Live\Shared;C:\Program Files\Java\jre1.8.0_25\bin;C:\eclipse;]


**** Build of configuration Debug for project ProjectEuler ****

Nothing to build for project ProjectEuler
19:06:40 **** Incremental Build of configuration Rio_Beagle for project 2168_Vision_Example ****
Info: Internal Builder is used for build
arm-frc-linux-gnueabi-g++ "-IC:\\Users\\code\\Downloads\\2168_Vision_Example-master\\2168_Vision_Example-master\\_Includes\\OpenCV\\2.4.10" -O2 -g -Wall -c -fmessage-length=0 -fPIC -o "src\\main.o" "..\\src\\main.cpp" 
Cannot run program "arm-frc-linux-gnueabi-g++": Launching failed

Error: Program "arm-frc-linux-gnueabi-g++" not found in PATH
PATH=[C:/Program Files/Java/jre1.8.0_25/bin/server;C:/Program Files/Java/jre1.8.0_25/bin;C:/Program Files/Java/jre1.8.0_25/lib/amd64;C:\ProgramData\Oracle\Java\javapath;C:\Program Files\Common Files\Microsoft Shared\Windows Live;C:\Program Files (x86)\Common Files\Microsoft Shared\Windows Live;C:\Windows\system32;C:\Windows;C:\Windows\System32\Wbem;C:\Windows\System32\WindowsPowerShell\v1.0\;C:\Program Files (x86)\Autodesk\Backburner\;C:\Program Files\IVI Foundation\VISA\Win64\Bin\;C:\Program Files (x86)\IVI Foundation\VISA\WinNT\Bin\;C:\Program Files (x86)\IVI Foundation\VISA\WinNT\Bin;C:\Program Files\TortoiseSVN\bin;C:\Program Files\MATLAB\R2012b\runtime\win64;C:\Program Files\MATLAB\R2012b\bin;C:\Program Files\WPIJavaCV\OpenCV_2.2.0\bin;C:\Program Files (x86)\Windows Live\Shared;C:\Program Files\Java\jre1.8.0_25\bin;C:\eclipse;]


**** Build of configuration Debug for project ProjectEuler ****

Nothing to build for project ProjectEuler
19:06:50 **** Incremental Build of configuration Rio_Beagle for project 2168_Vision_Example ****
Info: Internal Builder is used for build
arm-frc-linux-gnueabi-g++ "-IC:\\Users\\code\\Downloads\\2168_Vision_Example-master\\2168_Vision_Example-master\\_Includes\\OpenCV\\2.4.10" -O2 -g -Wall -c -fmessage-length=0 -fPIC -o "src\\main.o" "..\\src\\main.cpp" 
Cannot run program "arm-frc-linux-gnueabi-g++": Launching failed

Error: Program "arm-frc-linux-gnueabi-g++" not found in PATH
PATH=[C:/Program Files/Java/jre1.8.0_25/bin/server;C:/Program Files/Java/jre1.8.0_25/bin;C:/Program Files/Java/jre1.8.0_25/lib/amd64;C:\ProgramData\Oracle\Java\javapath;C:\Program Files\Common Files\Microsoft Shared\Windows Live;C:\Program Files (x86)\Common Files\Microsoft Shared\Windows Live;C:\Windows\system32;C:\Windows;C:\Windows\System32\Wbem;C:\Windows\System32\WindowsPowerShell\v1.0\;C:\Program Files (x86)\Autodesk\Backburner\;C:\Program Files\IVI Foundation\VISA\Win64\Bin\;C:\Program Files (x86)\IVI Foundation\VISA\WinNT\Bin\;C:\Program Files (x86)\IVI Foundation\VISA\WinNT\Bin;C:\Program Files\TortoiseSVN\bin;C:\Program Files\MATLAB\R2012b\runtime\win64;C:\Program Files\MATLAB\R2012b\bin;C:\Program Files\WPIJavaCV\OpenCV_2.2.0\bin;C:\Program Files (x86)\Windows Live\Shared;C:\Program Files\Java\jre1.8.0_25\bin;C:\eclipse;]


**** Build of configuration Debug for project ProjectEuler ****

Nothing to build for project ProjectEuler
19:07:43 **** Incremental Build of configuration Rio_Beagle for project 2168_Vision_Example ****
Info: Internal Builder is used for build
arm-frc-linux-gnueabi-g++ "-IC:\\Users\\code\\Downloads\\2168_Vision_Example-master\\2168_Vision_Example-master\\_Includes\\OpenCV\\2.4.10" -O2 -g -Wall -c -fmessage-length=0 -fPIC -o "src\\main.o" "..\\src\\main.cpp" 
Cannot run program "arm-frc-linux-gnueabi-g++": Launching failed

Error: Program "arm-frc-linux-gnueabi-g++" not found in PATH
PATH=[C:/Program Files/Java/jre1.8.0_25/bin/server;C:/Program Files/Java/jre1.8.0_25/bin;C:/Program Files/Java/jre1.8.0_25/lib/amd64;C:\ProgramData\Oracle\Java\javapath;C:\Program Files\Common Files\Microsoft Shared\Windows Live;C:\Program Files (x86)\Common Files\Microsoft Shared\Windows Live;C:\Windows\system32;C:\Windows;C:\Windows\System32\Wbem;C:\Windows\System32\WindowsPowerShell\v1.0\;C:\Program Files (x86)\Autodesk\Backburner\;C:\Program Files\IVI Foundation\VISA\Win64\Bin\;C:\Program Files (x86)\IVI Foundation\VISA\WinNT\Bin\;C:\Program Files (x86)\IVI Foundation\VISA\WinNT\Bin;C:\Program Files\TortoiseSVN\bin;C:\Program Files\MATLAB\R2012b\runtime\win64;C:\Program Files\MATLAB\R2012b\bin;C:\Program Files\WPIJavaCV\OpenCV_2.2.0\bin;C:\Program Files (x86)\Windows Live\Shared;C:\Program Files\Java\jre1.8.0_25\bin;C:\eclipse;]


**** Build of configuration Debug for project ProjectEuler ****

Nothing to build for project ProjectEuler
19:13:35 **** Incremental Build of configuration Rio_Beagle for project 2168_Vision_Example ****
Info: Internal Builder is used for build
arm-frc-linux-gnueabi-g++ "-IC:\\Users\\code\\Downloads\\2168_Vision_Example-master\\2168_Vision_Example-master\\_Includes\\OpenCV\\2.4.10" -O2 -g -Wall -c -fmessage-length=0 -fPIC -o "src\\main.o" "..\\src\\main.cpp" 
Cannot run program "arm-frc-linux-gnueabi-g++": Launching failed

Error: Program "arm-frc-linux-gnueabi-g++" not found in PATH
PATH=[C:/Program Files/Java/jre1.8.0_25/bin/server;C:/Program Files/Java/jre1.8.0_25/bin;C:/Program Files/Java/jre1.8.0_25/lib/amd64;C:\ProgramData\Oracle\Java\javapath;C:\Program Files\Common Files\Microsoft Shared\Windows Live;C:\Program Files (x86)\Common Files\Microsoft Shared\Windows Live;C:\Windows\system32;C:\Windows;C:\Windows\System32\Wbem;C:\Windows\System32\WindowsPowerShell\v1.0\;C:\Program Files (x86)\Autodesk\Backburner\;C:\Program Files\IVI Foundation\VISA\Win64\Bin\;C:\Program Files (x86)\IVI Foundation\VISA\WinNT\Bin\;C:\Program Files (x86)\IVI Foundation\VISA\WinNT\Bin;C:\Program Files\TortoiseSVN\bin;C:\Program Files\MATLAB\R2012b\runtime\win64;C:\Program Files\MATLAB\R2012b\bin;C:\Program Files\WPIJavaCV\OpenCV_2.2.0\bin;C:\Program Files (x86)\Windows Live\Shared;C:\Program Files\Java\jre1.8.0_25\bin;C:\eclipse;]


**** Build of configuration Debug for project ProjectEuler ****

Nothing to build for project ProjectEuler
19:15:17 **** Incremental Build of configuration Rio_Beagle for project 2168_Vision_Example ****
Info: Internal Builder is used for build
arm-frc-linux-gnueabi-g++ "-IC:\\Users\\code\\Downloads\\2168_Vision_Example-master\\2168_Vision_Example-master\\_Includes\\OpenCV\\2.4.10" -O2 -g -Wall -c -fmessage-length=0 -fPIC -o "src\\main.o" "..\\src\\main.cpp" 
Cannot run program "arm-frc-linux-gnueabi-g++": Launching failed

Error: Program "arm-frc-linux-gnueabi-g++" not found in PATH
PATH=[C:/Program Files/Java/jre1.8.0_25/bin/server;C:/Program Files/Java/jre1.8.0_25/bin;C:/Program Files/Java/jre1.8.0_25/lib/amd64;C:\ProgramData\Oracle\Java\javapath;C:\Program Files\Common Files\Microsoft Shared\Windows Live;C:\Program Files (x86)\Common Files\Microsoft Shared\Windows Live;C:\Windows\system32;C:\Windows;C:\Windows\System32\Wbem;C:\Windows\System32\WindowsPowerShell\v1.0\;C:\Program Files (x86)\Autodesk\Backburner\;C:\Program Files\IVI Foundation\VISA\Win64\Bin\;C:\Program Files (x86)\IVI Foundation\VISA\WinNT\Bin\;C:\Program Files (x86)\IVI Foundation\VISA\WinNT\Bin;C:\Program Files\TortoiseSVN\bin;C:\Program Files\MATLAB\R2012b\runtime\win64;C:\Program Files\MATLAB\R2012b\bin;C:\Program Files\WPIJavaCV\OpenCV_2.2.0\bin;C:\Program Files (x86)\Windows Live\Shared;C:\Program Files\Java\jre1.8.0_25\bin;C:\eclipse;]


**** Build of configuration Debug for project ProjectEuler ****

Nothing to build for project ProjectEuler
19:17:41 **** Incremental Build of configuration Rio_Beagle for project 2168_Vision_Example ****
Info: Internal Builder is used for build
arm-frc-linux-gnueabi-g++ "-IC:\\Users\\code\\Downloads\\2168_Vision_Example-master\\2168_Vision_Example-master\\_Includes\\OpenCV\\2.4.10" -O2 -g -Wall -c -fmessage-length=0 -fPIC -o "src\\main.o" "..\\src\\main.cpp" 
Cannot run program "arm-frc-linux-gnueabi-g++": Launching failed

Error: Program "arm-frc-linux-gnueabi-g++" not found in PATH
PATH=[C:/Program Files/Java/jre1.8.0_25/bin/server;C:/Program Files/Java/jre1.8.0_25/bin;C:/Program Files/Java/jre1.8.0_25/lib/amd64;C:\ProgramData\Oracle\Java\javapath;C:\Program Files\Common Files\Microsoft Shared\Windows Live;C:\Program Files (x86)\Common Files\Microsoft Shared\Windows Live;C:\Windows\system32;C:\Windows;C:\Windows\System32\Wbem;C:\Windows\System32\WindowsPowerShell\v1.0\;C:\Program Files (x86)\Autodesk\Backburner\;C:\Program Files\IVI Foundation\VISA\Win64\Bin\;C:\Program Files (x86)\IVI Foundation\VISA\WinNT\Bin\;C:\Program Files (x86)\IVI Foundation\VISA\WinNT\Bin;C:\Program Files\TortoiseSVN\bin;C:\Program Files\MATLAB\R2012b\runtime\win64;C:\Program Files\MATLAB\R2012b\bin;C:\Program Files\WPIJavaCV\OpenCV_2.2.0\bin;C:\Program Files (x86)\Windows Live\Shared;C:\Program Files\Java\jre1.8.0_25\bin;C:\eclipse;]


**** Build of configuration Debug for project ProjectEuler ****

Nothing to build for project ProjectEuler
19:18:50 **** Incremental Build of configuration Rio_Beagle for project 2168_Vision_Example ****
Info: Internal Builder is used for build
arm-frc-linux-gnueabi-g++ "-IC:\\Users\\code\\Downloads\\2168_Vision_Example-master\\2168_Vision_Example-master\\_Includes\\OpenCV\\2.4.10" -O2 -g -Wall -c -fmessage-length=0 -fPIC -o "src\\main.o" "..\\src\\main.cpp" 
Cannot run program "arm-frc-linux-gnueabi-g++": Launching failed

Error: Program "arm-frc-linux-gnueabi-g++" not found in PATH
PATH=[C:/Program Files/Java/jre1.8.0_25/bin/server;C:/Program Files/Java/jre1.8.0_25/bin;C:/Program Files/Java/jre1.8.0_25/lib/amd64;C:\ProgramData\Oracle\Java\javapath;C:\Program Files\Common Files\Microsoft Shared\Windows Live;C:\Program Files (x86)\Common Files\Microsoft Shared\Windows Live;C:\Windows\system32;C:\Windows;C:\Windows\System32\Wbem;C:\Windows\System32\WindowsPowerShell\v1.0\;C:\Program Files (x86)\Autodesk\Backburner\;C:\Program Files\IVI Foundation\VISA\Win64\Bin\;C:\Program Files (x86)\IVI Foundation\VISA\WinNT\Bin\;C:\Program Files (x86)\IVI Foundation\VISA\WinNT\Bin;C:\Program Files\TortoiseSVN\bin;C:\Program Files\MATLAB\R2012b\runtime\win64;C:\Program Files\MATLAB\R2012b\bin;C:\Program Files\WPIJavaCV\OpenCV_2.2.0\bin;C:\Program Files (x86)\Windows Live\Shared;C:\Program Files\Java\jre1.8.0_25\bin;C:\eclipse;]


**** Build of configuration Debug for project ProjectEuler ****

Nothing to build for project ProjectEuler
19:20:30 **** Incremental Build of configuration Rio_Beagle for project 2168_Vision_Example ****
Info: Internal Builder is used for build
arm-frc-linux-gnueabi-g++ "-IC:\\Users\\code\\Downloads\\2168_Vision_Example-master\\2168_Vision_Example-master\\_Includes\\OpenCV\\2.4.10" -O2 -g -Wall -c -fmessage-length=0 -fPIC -o "src\\main.o" "..\\src\\main.cpp" 
Cannot run program "arm-frc-linux-gnueabi-g++": Launching failed

Error: Program "arm-frc-linux-gnueabi-g++" not found in PATH
PATH=[C:/Program Files/Java/jre1.8.0_25/bin/server;C:/Program Files/Java/jre1.8.0_25/bin;C:/Program Files/Java/jre1.8.0_25/lib/amd64;C:\ProgramData\Oracle\Java\javapath;C:\Program Files\Common Files\Microsoft Shared\Windows Live;C:\Program Files (x86)\Common Files\Microsoft Shared\Windows Live;C:\Windows\system32;C:\Windows;C:\Windows\System32\Wbem;C:\Windows\System32\WindowsPowerShell\v1.0\;C:\Program Files (x86)\Autodesk\Backburner\;C:\Program Files\IVI Foundation\VISA\Win64\Bin\;C:\Program Files (x86)\IVI Foundation\VISA\WinNT\Bin\;C:\Program Files (x86)\IVI Foundation\VISA\WinNT\Bin;C:\Program Files\TortoiseSVN\bin;C:\Program Files\MATLAB\R2012b\runtime\win64;C:\Program Files\MATLAB\R2012b\bin;C:\Program Files\WPIJavaCV\OpenCV_2.2.0\bin;C:\Program Files (x86)\Windows Live\Shared;C:\Program Files\Java\jre1.8.0_25\bin;C:\eclipse;]


**** Build of configuration Debug for project ProjectEuler ****

Nothing to build for project ProjectEuler
19:22:35 **** Incremental Build of configuration Rio_Beagle for project 2168_Vision_Example ****
Info: Internal Builder is used for build
arm-frc-linux-gnueabi-g++ "-IC:\\Users\\code\\Downloads\\2168_Vision_Example-master\\2168_Vision_Example-master\\_Includes\\OpenCV\\2.4.10" -O2 -g -Wall -c -fmessage-length=0 -fPIC -o "src\\main.o" "..\\src\\main.cpp" 
Cannot run program "arm-frc-linux-gnueabi-g++": Launching failed

Error: Program "arm-frc-linux-gnueabi-g++" not found in PATH
PATH=[C:/Program Files/Java/jre1.8.0_25/bin/server;C:/Program Files/Java/jre1.8.0_25/bin;C:/Program Files/Java/jre1.8.0_25/lib/amd64;C:\ProgramData\Oracle\Java\javapath;C:\Program Files\Common Files\Microsoft Shared\Windows Live;C:\Program Files (x86)\Common Files\Microsoft Shared\Windows Live;C:\Windows\system32;C:\Windows;C:\Windows\System32\Wbem;C:\Windows\System32\WindowsPowerShell\v1.0\;C:\Program Files (x86)\Autodesk\Backburner\;C:\Program Files\IVI Foundation\VISA\Win64\Bin\;C:\Program Files (x86)\IVI Foundation\VISA\WinNT\Bin\;C:\Program Files (x86)\IVI Foundation\VISA\WinNT\Bin;C:\Program Files\TortoiseSVN\bin;C:\Program Files\MATLAB\R2012b\runtime\win64;C:\Program Files\MATLAB\R2012b\bin;C:\Program Files\WPIJavaCV\OpenCV_2.2.0\bin;C:\Program Files (x86)\Windows Live\Shared;C:\Program Files\Java\jre1.8.0_25\bin;C:\eclipse;]


**** Build of configuration Debug for project ProjectEuler ****

Nothing to build for project ProjectEuler
19:25:24 **** Incremental Build of configuration Rio_Beagle for project 2168_Vision_Example ****
Info: Internal Builder is used for build
arm-frc-linux-gnueabi-g++ "-IC:\\Users\\code\\Downloads\\2168_Vision_Example-master\\2168_Vision_Example-master\\_Includes\\OpenCV\\2.4.10" -O2 -g -Wall -c -fmessage-length=0 -fPIC -o "src\\main.o" "..\\src\\main.cpp" 
Cannot run program "arm-frc-linux-gnueabi-g++": Launching failed

Error: Program "arm-frc-linux-gnueabi-g++" not found in PATH
PATH=[C:/Program Files/Java/jre1.8.0_25/bin/server;C:/Program Files/Java/jre1.8.0_25/bin;C:/Program Files/Java/jre1.8.0_25/lib/amd64;C:\ProgramData\Oracle\Java\javapath;C:\Program Files\Common Files\Microsoft Shared\Windows Live;C:\Program Files (x86)\Common Files\Microsoft Shared\Windows Live;C:\Windows\system32;C:\Windows;C:\Windows\System32\Wbem;C:\Windows\System32\WindowsPowerShell\v1.0\;C:\Program Files (x86)\Autodesk\Backburner\;C:\Program Files\IVI Foundation\VISA\Win64\Bin\;C:\Program Files (x86)\IVI Foundation\VISA\WinNT\Bin\;C:\Program Files (x86)\IVI Foundation\VISA\WinNT\Bin;C:\Program Files\TortoiseSVN\bin;C:\Program Files\MATLAB\R2012b\runtime\win64;C:\Program Files\MATLAB\R2012b\bin;C:\Program Files\WPIJavaCV\OpenCV_2.2.0\bin;C:\Program Files (x86)\Windows Live\Shared;C:\Program Files\Java\jre1.8.0_25\bin;C:\eclipse;]


**** Build of configuration Debug for project ProjectEuler ****

Nothing to build for project ProjectEuler
19:28:54 **** Incremental Build of configuration Rio_Beagle for project 2168_Vision_Example ****
Info: Internal Builder is used for build
arm-frc-linux-gnueabi-g++ "-IC:\\Users\\code\\Downloads\\2168_Vision_Example-master\\2168_Vision_Example-master\\_Includes\\OpenCV\\2.4.10" -O2 -g -Wall -c -fmessage-length=0 -fPIC -o "src\\main.o" "..\\src\\main.cpp" 
Cannot run program "arm-frc-linux-gnueabi-g++": Launching failed

Error: Program "arm-frc-linux-gnueabi-g++" not found in PATH
PATH=[C:/Program Files/Java/jre1.8.0_25/bin/server;C:/Program Files/Java/jre1.8.0_25/bin;C:/Program Files/Java/jre1.8.0_25/lib/amd64;C:\ProgramData\Oracle\Java\javapath;C:\Program Files\Common Files\Microsoft Shared\Windows Live;C:\Program Files (x86)\Common Files\Microsoft Shared\Windows Live;C:\Windows\system32;C:\Windows;C:\Windows\System32\Wbem;C:\Windows\System32\WindowsPowerShell\v1.0\;C:\Program Files (x86)\Autodesk\Backburner\;C:\Program Files\IVI Foundation\VISA\Win64\Bin\;C:\Program Files (x86)\IVI Foundation\VISA\WinNT\Bin\;C:\Program Files (x86)\IVI Foundation\VISA\WinNT\Bin;C:\Program Files\TortoiseSVN\bin;C:\Program Files\MATLAB\R2012b\runtime\win64;C:\Program Files\MATLAB\R2012b\bin;C:\Program Files\WPIJavaCV\OpenCV_2.2.0\bin;C:\Program Files (x86)\Windows Live\Shared;C:\Program Files\Java\jre1.8.0_25\bin;C:\eclipse;]


**** Build of configuration Debug for project ProjectEuler ****

Nothing to build for project ProjectEuler
19:07:46 **** Incremental Build of configuration Rio_Beagle for project 2168_Vision_Example ****
Info: Internal Builder is used for build
arm-frc-linux-gnueabi-g++ "-IC:\\Users\\code\\Downloads\\2168_Vision_Example-master\\2168_Vision_Example-master\\_Includes\\OpenCV\\2.4.10" -O2 -g -Wall -c -fmessage-length=0 -fPIC -o "src\\main.o" "..\\src\\main.cpp" 
Cannot run program "arm-frc-linux-gnueabi-g++": Launching failed

Error: Program "arm-frc-linux-gnueabi-g++" not found in PATH
PATH=[C:/Program Files/Java/jre1.8.0_25/bin/server;C:/Program Files/Java/jre1.8.0_25/bin;C:/Program Files/Java/jre1.8.0_25/lib/amd64;C:\ProgramData\Oracle\Java\javapath;C:\Program Files\Common Files\Microsoft Shared\Windows Live;C:\Program Files (x86)\Common Files\Microsoft Shared\Windows Live;C:\Windows\system32;C:\Windows;C:\Windows\System32\Wbem;C:\Windows\System32\WindowsPowerShell\v1.0\;C:\Program Files (x86)\Autodesk\Backburner\;C:\Program Files\IVI Foundation\VISA\Win64\Bin\;C:\Program Files (x86)\IVI Foundation\VISA\WinNT\Bin\;C:\Program Files (x86)\IVI Foundation\VISA\WinNT\Bin;C:\Program Files\TortoiseSVN\bin;C:\Program Files\MATLAB\R2012b\runtime\win64;C:\Program Files\MATLAB\R2012b\bin;C:\Program Files\WPIJavaCV\OpenCV_2.2.0\bin;C:\Program Files (x86)\Windows Live\Shared;C:\Program Files\Java\jre1.8.0_25\bin;C:\eclipse;]


**** Build of configuration Debug for project ProjectEuler ****

Nothing to build for project ProjectEuler
19:08:55 **** Incremental Build of configuration Rio_Beagle for project 2168_Vision_Example ****
Info: Internal Builder is used for build
arm-frc-linux-gnueabi-g++ "-IC:\\Users\\code\\Downloads\\2168_Vision_Example-master\\2168_Vision_Example-master\\_Includes\\OpenCV\\2.4.10" -O2 -g -Wall -c -fmessage-length=0 -fPIC -o "src\\main.o" "..\\src\\main.cpp" 
Cannot run program "arm-frc-linux-gnueabi-g++": Launching failed

Error: Program "arm-frc-linux-gnueabi-g++" not found in PATH
PATH=[C:/Program Files/Java/jre1.8.0_25/bin/server;C:/Program Files/Java/jre1.8.0_25/bin;C:/Program Files/Java/jre1.8.0_25/lib/amd64;C:\ProgramData\Oracle\Java\javapath;C:\Program Files\Common Files\Microsoft Shared\Windows Live;C:\Program Files (x86)\Common Files\Microsoft Shared\Windows Live;C:\Windows\system32;C:\Windows;C:\Windows\System32\Wbem;C:\Windows\System32\WindowsPowerShell\v1.0\;C:\Program Files (x86)\Autodesk\Backburner\;C:\Program Files\IVI Foundation\VISA\Win64\Bin\;C:\Program Files (x86)\IVI Foundation\VISA\WinNT\Bin\;C:\Program Files (x86)\IVI Foundation\VISA\WinNT\Bin;C:\Program Files\TortoiseSVN\bin;C:\Program Files\MATLAB\R2012b\runtime\win64;C:\Program Files\MATLAB\R2012b\bin;C:\Program Files\WPIJavaCV\OpenCV_2.2.0\bin;C:\Program Files (x86)\Windows Live\Shared;C:\Program Files\Java\jre1.8.0_25\bin;C:\eclipse;]


**** Build of configuration Debug for project ProjectEuler ****

Nothing to build for project ProjectEuler
19:10:38 **** Incremental Build of configuration Rio_Beagle for project 2168_Vision_Example ****
Info: Internal Builder is used for build
arm-frc-linux-gnueabi-g++ "-IC:\\Users\\code\\Downloads\\2168_Vision_Example-master\\2168_Vision_Example-master\\_Includes\\OpenCV\\2.4.10" -O2 -g -Wall -c -fmessage-length=0 -fPIC -o "src\\main.o" "..\\src\\main.cpp" 
Cannot run program "arm-frc-linux-gnueabi-g++": Launching failed

Error: Program "arm-frc-linux-gnueabi-g++" not found in PATH
PATH=[C:/Program Files/Java/jre1.8.0_25/bin/server;C:/Program Files/Java/jre1.8.0_25/bin;C:/Program Files/Java/jre1.8.0_25/lib/amd64;C:\ProgramData\Oracle\Java\javapath;C:\Program Files\Common Files\Microsoft Shared\Windows Live;C:\Program Files (x86)\Common Files\Microsoft Shared\Windows Live;C:\Windows\system32;C:\Windows;C:\Windows\System32\Wbem;C:\Windows\System32\WindowsPowerShell\v1.0\;C:\Program Files (x86)\Autodesk\Backburner\;C:\Program Files\IVI Foundation\VISA\Win64\Bin\;C:\Program Files (x86)\IVI Foundation\VISA\WinNT\Bin\;C:\Program Files (x86)\IVI Foundation\VISA\WinNT\Bin;C:\Program Files\TortoiseSVN\bin;C:\Program Files\MATLAB\R2012b\runtime\win64;C:\Program Files\MATLAB\R2012b\bin;C:\Program Files\WPIJavaCV\OpenCV_2.2.0\bin;C:\Program Files (x86)\Windows Live\Shared;C:\Program Files\Java\jre1.8.0_25\bin;C:\eclipse;]


**** Build of configuration Debug for project ProjectEuler ****

Nothing to build for project ProjectEuler
19:11:59 **** Incremental Build of configuration Rio_Beagle for project 2168_Vision_Example ****
Info: Internal Builder is used for build
arm-frc-linux-gnueabi-g++ "-IC:\\Users\\code\\Downloads\\2168_Vision_Example-master\\2168_Vision_Example-master\\_Includes\\OpenCV\\2.4.10" -O2 -g -Wall -c -fmessage-length=0 -fPIC -o "src\\main.o" "..\\src\\main.cpp" 
Cannot run program "arm-frc-linux-gnueabi-g++": Launching failed

Error: Program "arm-frc-linux-gnueabi-g++" not found in PATH
PATH=[C:/Program Files/Java/jre1.8.0_25/bin/server;C:/Program Files/Java/jre1.8.0_25/bin;C:/Program Files/Java/jre1.8.0_25/lib/amd64;C:\ProgramData\Oracle\Java\javapath;C:\Program Files\Common Files\Microsoft Shared\Windows Live;C:\Program Files (x86)\Common Files\Microsoft Shared\Windows Live;C:\Windows\system32;C:\Windows;C:\Windows\System32\Wbem;C:\Windows\System32\WindowsPowerShell\v1.0\;C:\Program Files (x86)\Autodesk\Backburner\;C:\Program Files\IVI Foundation\VISA\Win64\Bin\;C:\Program Files (x86)\IVI Foundation\VISA\WinNT\Bin\;C:\Program Files (x86)\IVI Foundation\VISA\WinNT\Bin;C:\Program Files\TortoiseSVN\bin;C:\Program Files\MATLAB\R2012b\runtime\win64;C:\Program Files\MATLAB\R2012b\bin;C:\Program Files\WPIJavaCV\OpenCV_2.2.0\bin;C:\Program Files (x86)\Windows Live\Shared;C:\Program Files\Java\jre1.8.0_25\bin;C:\eclipse;]


**** Build of configuration Debug for project ProjectEuler ****

Nothing to build for project ProjectEuler
19:15:55 **** Incremental Build of configuration Rio_Beagle for project 2168_Vision_Example ****
Info: Internal Builder is used for build
arm-frc-linux-gnueabi-g++ "-IC:\\Users\\code\\Downloads\\2168_Vision_Example-master\\2168_Vision_Example-master\\_Includes\\OpenCV\\2.4.10" -O2 -g -Wall -c -fmessage-length=0 -fPIC -o "src\\main.o" "..\\src\\main.cpp" 
Cannot run program "arm-frc-linux-gnueabi-g++": Launching failed

Error: Program "arm-frc-linux-gnueabi-g++" not found in PATH
PATH=[C:/Program Files/Java/jre1.8.0_25/bin/server;C:/Program Files/Java/jre1.8.0_25/bin;C:/Program Files/Java/jre1.8.0_25/lib/amd64;C:\ProgramData\Oracle\Java\javapath;C:\Program Files\Common Files\Microsoft Shared\Windows Live;C:\Program Files (x86)\Common Files\Microsoft Shared\Windows Live;C:\Windows\system32;C:\Windows;C:\Windows\System32\Wbem;C:\Windows\System32\WindowsPowerShell\v1.0\;C:\Program Files (x86)\Autodesk\Backburner\;C:\Program Files\IVI Foundation\VISA\Win64\Bin\;C:\Program Files (x86)\IVI Foundation\VISA\WinNT\Bin\;C:\Program Files (x86)\IVI Foundation\VISA\WinNT\Bin;C:\Program Files\TortoiseSVN\bin;C:\Program Files\MATLAB\R2012b\runtime\win64;C:\Program Files\MATLAB\R2012b\bin;C:\Program Files\WPIJavaCV\OpenCV_2.2.0\bin;C:\Program Files (x86)\Windows Live\Shared;C:\Program Files\Java\jre1.8.0_25\bin;C:\eclipse;]


**** Build of configuration Debug for project ProjectEuler ****

Nothing to build for project ProjectEuler
19:21:05 **** Incremental Build of configuration Rio_Beagle for project 2168_Vision_Example ****
Info: Internal Builder is used for build
arm-frc-linux-gnueabi-g++ "-IC:\\Users\\code\\Downloads\\2168_Vision_Example-master\\2168_Vision_Example-master\\_Includes\\OpenCV\\2.4.10" -O2 -g -Wall -c -fmessage-length=0 -fPIC -o "src\\main.o" "..\\src\\main.cpp" 
Cannot run program "arm-frc-linux-gnueabi-g++": Launching failed

Error: Program "arm-frc-linux-gnueabi-g++" not found in PATH
PATH=[C:/Program Files/Java/jre1.8.0_25/bin/server;C:/Program Files/Java/jre1.8.0_25/bin;C:/Program Files/Java/jre1.8.0_25/lib/amd64;C:\ProgramData\Oracle\Java\javapath;C:\Program Files\Common Files\Microsoft Shared\Windows Live;C:\Program Files (x86)\Common Files\Microsoft Shared\Windows Live;C:\Windows\system32;C:\Windows;C:\Windows\System32\Wbem;C:\Windows\System32\WindowsPowerShell\v1.0\;C:\Program Files (x86)\Autodesk\Backburner\;C:\Program Files\IVI Foundation\VISA\Win64\Bin\;C:\Program Files (x86)\IVI Foundation\VISA\WinNT\Bin\;C:\Program Files (x86)\IVI Foundation\VISA\WinNT\Bin;C:\Program Files\TortoiseSVN\bin;C:\Program Files\MATLAB\R2012b\runtime\win64;C:\Program Files\MATLAB\R2012b\bin;C:\Program Files\WPIJavaCV\OpenCV_2.2.0\bin;C:\Program Files (x86)\Windows Live\Shared;C:\Program Files\Java\jre1.8.0_25\bin;C:\eclipse;]


**** Build of configuration Debug for project ProjectEuler ****

Nothing to build for project ProjectEuler
19:24:02 **** Incremental Build of configuration Rio_Beagle for project 2168_Vision_Example ****
Info: Internal Builder is used for build
arm-frc-linux-gnueabi-g++ "-IC:\\Users\\code\\Downloads\\2168_Vision_Example-master\\2168_Vision_Example-master\\_Includes\\OpenCV\\2.4.10" -O2 -g -Wall -c -fmessage-length=0 -fPIC -o "src\\main.o" "..\\src\\main.cpp" 
Cannot run program "arm-frc-linux-gnueabi-g++": Launching failed

Error: Program "arm-frc-linux-gnueabi-g++" not found in PATH
PATH=[C:/Program Files/Java/jre1.8.0_25/bin/server;C:/Program Files/Java/jre1.8.0_25/bin;C:/Program Files/Java/jre1.8.0_25/lib/amd64;C:\ProgramData\Oracle\Java\javapath;C:\Program Files\Common Files\Microsoft Shared\Windows Live;C:\Program Files (x86)\Common Files\Microsoft Shared\Windows Live;C:\Windows\system32;C:\Windows;C:\Windows\System32\Wbem;C:\Windows\System32\WindowsPowerShell\v1.0\;C:\Program Files (x86)\Autodesk\Backburner\;C:\Program Files\IVI Foundation\VISA\Win64\Bin\;C:\Program Files (x86)\IVI Foundation\VISA\WinNT\Bin\;C:\Program Files (x86)\IVI Foundation\VISA\WinNT\Bin;C:\Program Files\TortoiseSVN\bin;C:\Program Files\MATLAB\R2012b\runtime\win64;C:\Program Files\MATLAB\R2012b\bin;C:\Program Files\WPIJavaCV\OpenCV_2.2.0\bin;C:\Program Files (x86)\Windows Live\Shared;C:\Program Files\Java\jre1.8.0_25\bin;C:\eclipse;]


**** Build of configuration Debug for project ProjectEuler ****

Nothing to build for project ProjectEuler
19:26:11 **** Incremental Build of configuration Rio_Beagle for project 2168_Vision_Example ****
Info: Internal Builder is used for build
arm-frc-linux-gnueabi-g++ "-IC:\\Users\\code\\Downloads\\2168_Vision_Example-master\\2168_Vision_Example-master\\_Includes\\OpenCV\\2.4.10" -O2 -g -Wall -c -fmessage-length=0 -fPIC -o "src\\main.o" "..\\src\\main.cpp" 
Cannot run program "arm-frc-linux-gnueabi-g++": Launching failed

Error: Program "arm-frc-linux-gnueabi-g++" not found in PATH
PATH=[C:/Program Files/Java/jre1.8.0_25/bin/server;C:/Program Files/Java/jre1.8.0_25/bin;C:/Program Files/Java/jre1.8.0_25/lib/amd64;C:\ProgramData\Oracle\Java\javapath;C:\Program Files\Common Files\Microsoft Shared\Windows Live;C:\Program Files (x86)\Common Files\Microsoft Shared\Windows Live;C:\Windows\system32;C:\Windows;C:\Windows\System32\Wbem;C:\Windows\System32\WindowsPowerShell\v1.0\;C:\Program Files (x86)\Autodesk\Backburner\;C:\Program Files\IVI Foundation\VISA\Win64\Bin\;C:\Program Files (x86)\IVI Foundation\VISA\WinNT\Bin\;C:\Program Files (x86)\IVI Foundation\VISA\WinNT\Bin;C:\Program Files\TortoiseSVN\bin;C:\Program Files\MATLAB\R2012b\runtime\win64;C:\Program Files\MATLAB\R2012b\bin;C:\Program Files\WPIJavaCV\OpenCV_2.2.0\bin;C:\Program Files (x86)\Windows Live\Shared;C:\Program Files\Java\jre1.8.0_25\bin;C:\eclipse;]


**** Build of configuration Debug for project ProjectEuler ****

Nothing to build for project ProjectEuler
19:27:02 **** Incremental Build of configuration Rio_Beagle for project 2168_Vision_Example ****
Info: Internal Builder is used for build
arm-frc-linux-gnueabi-g++ "-IC:\\Users\\code\\Downloads\\2168_Vision_Example-master\\2168_Vision_Example-master\\_Includes\\OpenCV\\2.4.10" -O2 -g -Wall -c -fmessage-length=0 -fPIC -o "src\\main.o" "..\\src\\main.cpp" 
Cannot run program "arm-frc-linux-gnueabi-g++": Launching failed

Error: Program "arm-frc-linux-gnueabi-g++" not found in PATH
PATH=[C:/Program Files/Java/jre1.8.0_25/bin/server;C:/Program Files/Java/jre1.8.0_25/bin;C:/Program Files/Java/jre1.8.0_25/lib/amd64;C:\ProgramData\Oracle\Java\javapath;C:\Program Files\Common Files\Microsoft Shared\Windows Live;C:\Program Files (x86)\Common Files\Microsoft Shared\Windows Live;C:\Windows\system32;C:\Windows;C:\Windows\System32\Wbem;C:\Windows\System32\WindowsPowerShell\v1.0\;C:\Program Files (x86)\Autodesk\Backburner\;C:\Program Files\IVI Foundation\VISA\Win64\Bin\;C:\Program Files (x86)\IVI Foundation\VISA\WinNT\Bin\;C:\Program Files (x86)\IVI Foundation\VISA\WinNT\Bin;C:\Program Files\TortoiseSVN\bin;C:\Program Files\MATLAB\R2012b\runtime\win64;C:\Program Files\MATLAB\R2012b\bin;C:\Program Files\WPIJavaCV\OpenCV_2.2.0\bin;C:\Program Files (x86)\Windows Live\Shared;C:\Program Files\Java\jre1.8.0_25\bin;C:\eclipse;]


**** Build of configuration Debug for project ProjectEuler ****

Nothing to build for project ProjectEuler
19:28:14 **** Incremental Build of configuration Rio_Beagle for project 2168_Vision_Example ****
Info: Internal Builder is used for build
arm-frc-linux-gnueabi-g++ "-IC:\\Users\\code\\Downloads\\2168_Vision_Example-master\\2168_Vision_Example-master\\_Includes\\OpenCV\\2.4.10" -O2 -g -Wall -c -fmessage-length=0 -fPIC -o "src\\main.o" "..\\src\\main.cpp" 
Cannot run program "arm-frc-linux-gnueabi-g++": Launching failed

Error: Program "arm-frc-linux-gnueabi-g++" not found in PATH
PATH=[C:/Program Files/Java/jre1.8.0_25/bin/server;C:/Program Files/Java/jre1.8.0_25/bin;C:/Program Files/Java/jre1.8.0_25/lib/amd64;C:\ProgramData\Oracle\Java\javapath;C:\Program Files\Common Files\Microsoft Shared\Windows Live;C:\Program Files (x86)\Common Files\Microsoft Shared\Windows Live;C:\Windows\system32;C:\Windows;C:\Windows\System32\Wbem;C:\Windows\System32\WindowsPowerShell\v1.0\;C:\Program Files (x86)\Autodesk\Backburner\;C:\Program Files\IVI Foundation\VISA\Win64\Bin\;C:\Program Files (x86)\IVI Foundation\VISA\WinNT\Bin\;C:\Program Files (x86)\IVI Foundation\VISA\WinNT\Bin;C:\Program Files\TortoiseSVN\bin;C:\Program Files\MATLAB\R2012b\runtime\win64;C:\Program Files\MATLAB\R2012b\bin;C:\Program Files\WPIJavaCV\OpenCV_2.2.0\bin;C:\Program Files (x86)\Windows Live\Shared;C:\Program Files\Java\jre1.8.0_25\bin;C:\eclipse;]


**** Build of configuration Debug for project ProjectEuler ****

Nothing to build for project ProjectEuler
19:29:19 **** Incremental Build of configuration Rio_Beagle for project 2168_Vision_Example ****
Info: Internal Builder is used for build
arm-frc-linux-gnueabi-g++ "-IC:\\Users\\code\\Downloads\\2168_Vision_Example-master\\2168_Vision_Example-master\\_Includes\\OpenCV\\2.4.10" -O2 -g -Wall -c -fmessage-length=0 -fPIC -o "src\\main.o" "..\\src\\main.cpp" 
Cannot run program "arm-frc-linux-gnueabi-g++": Launching failed

Error: Program "arm-frc-linux-gnueabi-g++" not found in PATH
PATH=[C:/Program Files/Java/jre1.8.0_25/bin/server;C:/Program Files/Java/jre1.8.0_25/bin;C:/Program Files/Java/jre1.8.0_25/lib/amd64;C:\ProgramData\Oracle\Java\javapath;C:\Program Files\Common Files\Microsoft Shared\Windows Live;C:\Program Files (x86)\Common Files\Microsoft Shared\Windows Live;C:\Windows\system32;C:\Windows;C:\Windows\System32\Wbem;C:\Windows\System32\WindowsPowerShell\v1.0\;C:\Program Files (x86)\Autodesk\Backburner\;C:\Program Files\IVI Foundation\VISA\Win64\Bin\;C:\Program Files (x86)\IVI Foundation\VISA\WinNT\Bin\;C:\Program Files (x86)\IVI Foundation\VISA\WinNT\Bin;C:\Program Files\TortoiseSVN\bin;C:\Program Files\MATLAB\R2012b\runtime\win64;C:\Program Files\MATLAB\R2012b\bin;C:\Program Files\WPIJavaCV\OpenCV_2.2.0\bin;C:\Program Files (x86)\Windows Live\Shared;C:\Program Files\Java\jre1.8.0_25\bin;C:\eclipse;]


**** Build of configuration Debug for project ProjectEuler ****

Nothing to build for project ProjectEuler
19:31:14 **** Incremental Build of configuration Rio_Beagle for project 2168_Vision_Example ****
Info: Internal Builder is used for build
arm-frc-linux-gnueabi-g++ "-IC:\\Users\\code\\Downloads\\2168_Vision_Example-master\\2168_Vision_Example-master\\_Includes\\OpenCV\\2.4.10" -O2 -g -Wall -c -fmessage-length=0 -fPIC -o "src\\main.o" "..\\src\\main.cpp" 
Cannot run program "arm-frc-linux-gnueabi-g++": Launching failed

Error: Program "arm-frc-linux-gnueabi-g++" not found in PATH
PATH=[C:/Program Files/Java/jre1.8.0_25/bin/server;C:/Program Files/Java/jre1.8.0_25/bin;C:/Program Files/Java/jre1.8.0_25/lib/amd64;C:\ProgramData\Oracle\Java\javapath;C:\Program Files\Common Files\Microsoft Shared\Windows Live;C:\Program Files (x86)\Common Files\Microsoft Shared\Windows Live;C:\Windows\system32;C:\Windows;C:\Windows\System32\Wbem;C:\Windows\System32\WindowsPowerShell\v1.0\;C:\Program Files (x86)\Autodesk\Backburner\;C:\Program Files\IVI Foundation\VISA\Win64\Bin\;C:\Program Files (x86)\IVI Foundation\VISA\WinNT\Bin\;C:\Program Files (x86)\IVI Foundation\VISA\WinNT\Bin;C:\Program Files\TortoiseSVN\bin;C:\Program Files\MATLAB\R2012b\runtime\win64;C:\Program Files\MATLAB\R2012b\bin;C:\Program Files\WPIJavaCV\OpenCV_2.2.0\bin;C:\Program Files (x86)\Windows Live\Shared;C:\Program Files\Java\jre1.8.0_25\bin;C:\eclipse;]


**** Build of configuration Debug for project ProjectEuler ****

Nothing to build for project ProjectEuler
19:33:44 **** Incremental Build of configuration Rio_Beagle for project 2168_Vision_Example ****
Info: Internal Builder is used for build
arm-frc-linux-gnueabi-g++ "-IC:\\Users\\code\\Downloads\\2168_Vision_Example-master\\2168_Vision_Example-master\\_Includes\\OpenCV\\2.4.10" -O2 -g -Wall -c -fmessage-length=0 -fPIC -o "src\\main.o" "..\\src\\main.cpp" 
Cannot run program "arm-frc-linux-gnueabi-g++": Launching failed

Error: Program "arm-frc-linux-gnueabi-g++" not found in PATH
PATH=[C:/Program Files/Java/jre1.8.0_25/bin/server;C:/Program Files/Java/jre1.8.0_25/bin;C:/Program Files/Java/jre1.8.0_25/lib/amd64;C:\ProgramData\Oracle\Java\javapath;C:\Program Files\Common Files\Microsoft Shared\Windows Live;C:\Program Files (x86)\Common Files\Microsoft Shared\Windows Live;C:\Windows\system32;C:\Windows;C:\Windows\System32\Wbem;C:\Windows\System32\WindowsPowerShell\v1.0\;C:\Program Files (x86)\Autodesk\Backburner\;C:\Program Files\IVI Foundation\VISA\Win64\Bin\;C:\Program Files (x86)\IVI Foundation\VISA\WinNT\Bin\;C:\Program Files (x86)\IVI Foundation\VISA\WinNT\Bin;C:\Program Files\TortoiseSVN\bin;C:\Program Files\MATLAB\R2012b\runtime\win64;C:\Program Files\MATLAB\R2012b\bin;C:\Program Files\WPIJavaCV\OpenCV_2.2.0\bin;C:\Program Files (x86)\Windows Live\Shared;C:\Program Files\Java\jre1.8.0_25\bin;C:\eclipse;]


**** Build of configuration Debug for project ProjectEuler ****

Nothing to build for project ProjectEuler
19:34:20 **** Incremental Build of configuration Rio_Beagle for project 2168_Vision_Example ****
Info: Internal Builder is used for build
arm-frc-linux-gnueabi-g++ "-IC:\\Users\\code\\Downloads\\2168_Vision_Example-master\\2168_Vision_Example-master\\_Includes\\OpenCV\\2.4.10" -O2 -g -Wall -c -fmessage-length=0 -fPIC -o "src\\main.o" "..\\src\\main.cpp" 
Cannot run program "arm-frc-linux-gnueabi-g++": Launching failed

Error: Program "arm-frc-linux-gnueabi-g++" not found in PATH
PATH=[C:/Program Files/Java/jre1.8.0_25/bin/server;C:/Program Files/Java/jre1.8.0_25/bin;C:/Program Files/Java/jre1.8.0_25/lib/amd64;C:\ProgramData\Oracle\Java\javapath;C:\Program Files\Common Files\Microsoft Shared\Windows Live;C:\Program Files (x86)\Common Files\Microsoft Shared\Windows Live;C:\Windows\system32;C:\Windows;C:\Windows\System32\Wbem;C:\Windows\System32\WindowsPowerShell\v1.0\;C:\Program Files (x86)\Autodesk\Backburner\;C:\Program Files\IVI Foundation\VISA\Win64\Bin\;C:\Program Files (x86)\IVI Foundation\VISA\WinNT\Bin\;C:\Program Files (x86)\IVI Foundation\VISA\WinNT\Bin;C:\Program Files\TortoiseSVN\bin;C:\Program Files\MATLAB\R2012b\runtime\win64;C:\Program Files\MATLAB\R2012b\bin;C:\Program Files\WPIJavaCV\OpenCV_2.2.0\bin;C:\Program Files (x86)\Windows Live\Shared;C:\Program Files\Java\jre1.8.0_25\bin;C:\eclipse;]


**** Build of configuration Debug for project ProjectEuler ****

Nothing to build for project ProjectEuler
19:55:11 **** Incremental Build of configuration Rio_Beagle for project 2168_Vision_Example ****
Info: Internal Builder is used for build
arm-frc-linux-gnueabi-g++ "-IC:\\Users\\code\\Downloads\\2168_Vision_Example-master\\2168_Vision_Example-master\\_Includes\\OpenCV\\2.4.10" -O2 -g -Wall -c -fmessage-length=0 -fPIC -o "src\\main.o" "..\\src\\main.cpp" 
Cannot run program "arm-frc-linux-gnueabi-g++": Launching failed

Error: Program "arm-frc-linux-gnueabi-g++" not found in PATH
PATH=[C:/Program Files/Java/jre1.8.0_25/bin/server;C:/Program Files/Java/jre1.8.0_25/bin;C:/Program Files/Java/jre1.8.0_25/lib/amd64;C:\ProgramData\Oracle\Java\javapath;C:\Program Files\Common Files\Microsoft Shared\Windows Live;C:\Program Files (x86)\Common Files\Microsoft Shared\Windows Live;C:\Windows\system32;C:\Windows;C:\Windows\System32\Wbem;C:\Windows\System32\WindowsPowerShell\v1.0\;C:\Program Files (x86)\Autodesk\Backburner\;C:\Program Files\IVI Foundation\VISA\Win64\Bin\;C:\Program Files (x86)\IVI Foundation\VISA\WinNT\Bin\;C:\Program Files (x86)\IVI Foundation\VISA\WinNT\Bin;C:\Program Files\TortoiseSVN\bin;C:\Program Files\MATLAB\R2012b\runtime\win64;C:\Program Files\MATLAB\R2012b\bin;C:\Program Files\WPIJavaCV\OpenCV_2.2.0\bin;C:\Program Files (x86)\Windows Live\Shared;C:\Program Files\Java\jre1.8.0_25\bin;C:\eclipse;]


**** Build of configuration Debug for project ProjectEuler ****

Nothing to build for project ProjectEuler
19:57:39 **** Incremental Build of configuration Rio_Beagle for project 2168_Vision_Example ****
Info: Internal Builder is used for build
arm-frc-linux-gnueabi-g++ "-IC:\\Users\\code\\Downloads\\2168_Vision_Example-master\\2168_Vision_Example-master\\_Includes\\OpenCV\\2.4.10" -O2 -g -Wall -c -fmessage-length=0 -fPIC -o "src\\main.o" "..\\src\\main.cpp" 
Cannot run program "arm-frc-linux-gnueabi-g++": Launching failed

Error: Program "arm-frc-linux-gnueabi-g++" not found in PATH
PATH=[C:/Program Files/Java/jre1.8.0_25/bin/server;C:/Program Files/Java/jre1.8.0_25/bin;C:/Program Files/Java/jre1.8.0_25/lib/amd64;C:\ProgramData\Oracle\Java\javapath;C:\Program Files\Common Files\Microsoft Shared\Windows Live;C:\Program Files (x86)\Common Files\Microsoft Shared\Windows Live;C:\Windows\system32;C:\Windows;C:\Windows\System32\Wbem;C:\Windows\System32\WindowsPowerShell\v1.0\;C:\Program Files (x86)\Autodesk\Backburner\;C:\Program Files\IVI Foundation\VISA\Win64\Bin\;C:\Program Files (x86)\IVI Foundation\VISA\WinNT\Bin\;C:\Program Files (x86)\IVI Foundation\VISA\WinNT\Bin;C:\Program Files\TortoiseSVN\bin;C:\Program Files\MATLAB\R2012b\runtime\win64;C:\Program Files\MATLAB\R2012b\bin;C:\Program Files\WPIJavaCV\OpenCV_2.2.0\bin;C:\Program Files (x86)\Windows Live\Shared;C:\Program Files\Java\jre1.8.0_25\bin;C:\eclipse;]


**** Build of configuration Debug for project ProjectEuler ****

Nothing to build for project ProjectEuler
20:02:44 **** Incremental Build of configuration Rio_Beagle for project 2168_Vision_Example ****
Info: Internal Builder is used for build
arm-frc-linux-gnueabi-g++ "-IC:\\Users\\code\\Downloads\\2168_Vision_Example-master\\2168_Vision_Example-master\\_Includes\\OpenCV\\2.4.10" -O2 -g -Wall -c -fmessage-length=0 -fPIC -o "src\\main.o" "..\\src\\main.cpp" 
Cannot run program "arm-frc-linux-gnueabi-g++": Launching failed

Error: Program "arm-frc-linux-gnueabi-g++" not found in PATH
PATH=[C:/Program Files/Java/jre1.8.0_25/bin/server;C:/Program Files/Java/jre1.8.0_25/bin;C:/Program Files/Java/jre1.8.0_25/lib/amd64;C:\ProgramData\Oracle\Java\javapath;C:\Program Files\Common Files\Microsoft Shared\Windows Live;C:\Program Files (x86)\Common Files\Microsoft Shared\Windows Live;C:\Windows\system32;C:\Windows;C:\Windows\System32\Wbem;C:\Windows\System32\WindowsPowerShell\v1.0\;C:\Program Files (x86)\Autodesk\Backburner\;C:\Program Files\IVI Foundation\VISA\Win64\Bin\;C:\Program Files (x86)\IVI Foundation\VISA\WinNT\Bin\;C:\Program Files (x86)\IVI Foundation\VISA\WinNT\Bin;C:\Program Files\TortoiseSVN\bin;C:\Program Files\MATLAB\R2012b\runtime\win64;C:\Program Files\MATLAB\R2012b\bin;C:\Program Files\WPIJavaCV\OpenCV_2.2.0\bin;C:\Program Files (x86)\Windows Live\Shared;C:\Program Files\Java\jre1.8.0_25\bin;C:\eclipse;]


**** Build of configuration Debug for project ProjectEuler ****

Nothing to build for project ProjectEuler
20:09:51 **** Incremental Build of configuration Rio_Beagle for project 2168_Vision_Example ****
Info: Internal Builder is used for build
arm-frc-linux-gnueabi-g++ "-IC:\\Users\\code\\Downloads\\2168_Vision_Example-master\\2168_Vision_Example-master\\_Includes\\OpenCV\\2.4.10" -O2 -g -Wall -c -fmessage-length=0 -fPIC -o "src\\main.o" "..\\src\\main.cpp" 
Cannot run program "arm-frc-linux-gnueabi-g++": Launching failed

Error: Program "arm-frc-linux-gnueabi-g++" not found in PATH
PATH=[C:/Program Files/Java/jre1.8.0_25/bin/server;C:/Program Files/Java/jre1.8.0_25/bin;C:/Program Files/Java/jre1.8.0_25/lib/amd64;C:\ProgramData\Oracle\Java\javapath;C:\Program Files\Common Files\Microsoft Shared\Windows Live;C:\Program Files (x86)\Common Files\Microsoft Shared\Windows Live;C:\Windows\system32;C:\Windows;C:\Windows\System32\Wbem;C:\Windows\System32\WindowsPowerShell\v1.0\;C:\Program Files (x86)\Autodesk\Backburner\;C:\Program Files\IVI Foundation\VISA\Win64\Bin\;C:\Program Files (x86)\IVI Foundation\VISA\WinNT\Bin\;C:\Program Files (x86)\IVI Foundation\VISA\WinNT\Bin;C:\Program Files\TortoiseSVN\bin;C:\Program Files\MATLAB\R2012b\runtime\win64;C:\Program Files\MATLAB\R2012b\bin;C:\Program Files\WPIJavaCV\OpenCV_2.2.0\bin;C:\Program Files (x86)\Windows Live\Shared;C:\Program Files\Java\jre1.8.0_25\bin;C:\eclipse;]


**** Build of configuration Debug for project ProjectEuler ****

Nothing to build for project ProjectEuler
20:10:38 **** Incremental Build of configuration Rio_Beagle for project 2168_Vision_Example ****
Info: Internal Builder is used for build
arm-frc-linux-gnueabi-g++ "-IC:\\Users\\code\\Downloads\\2168_Vision_Example-master\\2168_Vision_Example-master\\_Includes\\OpenCV\\2.4.10" -O2 -g -Wall -c -fmessage-length=0 -fPIC -o "src\\main.o" "..\\src\\main.cpp" 
Cannot run program "arm-frc-linux-gnueabi-g++": Launching failed

Error: Program "arm-frc-linux-gnueabi-g++" not found in PATH
PATH=[C:/Program Files/Java/jre1.8.0_25/bin/server;C:/Program Files/Java/jre1.8.0_25/bin;C:/Program Files/Java/jre1.8.0_25/lib/amd64;C:\ProgramData\Oracle\Java\javapath;C:\Program Files\Common Files\Microsoft Shared\Windows Live;C:\Program Files (x86)\Common Files\Microsoft Shared\Windows Live;C:\Windows\system32;C:\Windows;C:\Windows\System32\Wbem;C:\Windows\System32\WindowsPowerShell\v1.0\;C:\Program Files (x86)\Autodesk\Backburner\;C:\Program Files\IVI Foundation\VISA\Win64\Bin\;C:\Program Files (x86)\IVI Foundation\VISA\WinNT\Bin\;C:\Program Files (x86)\IVI Foundation\VISA\WinNT\Bin;C:\Program Files\TortoiseSVN\bin;C:\Program Files\MATLAB\R2012b\runtime\win64;C:\Program Files\MATLAB\R2012b\bin;C:\Program Files\WPIJavaCV\OpenCV_2.2.0\bin;C:\Program Files (x86)\Windows Live\Shared;C:\Program Files\Java\jre1.8.0_25\bin;C:\eclipse;]


**** Build of configuration Debug for project ProjectEuler ****

Nothing to build for project ProjectEuler
20:11:32 **** Incremental Build of configuration Rio_Beagle for project 2168_Vision_Example ****
Info: Internal Builder is used for build
arm-frc-linux-gnueabi-g++ "-IC:\\Users\\code\\Downloads\\2168_Vision_Example-master\\2168_Vision_Example-master\\_Includes\\OpenCV\\2.4.10" -O2 -g -Wall -c -fmessage-length=0 -fPIC -o "src\\main.o" "..\\src\\main.cpp" 
Cannot run program "arm-frc-linux-gnueabi-g++": Launching failed

Error: Program "arm-frc-linux-gnueabi-g++" not found in PATH
PATH=[C:/Program Files/Java/jre1.8.0_25/bin/server;C:/Program Files/Java/jre1.8.0_25/bin;C:/Program Files/Java/jre1.8.0_25/lib/amd64;C:\ProgramData\Oracle\Java\javapath;C:\Program Files\Common Files\Microsoft Shared\Windows Live;C:\Program Files (x86)\Common Files\Microsoft Shared\Windows Live;C:\Windows\system32;C:\Windows;C:\Windows\System32\Wbem;C:\Windows\System32\WindowsPowerShell\v1.0\;C:\Program Files (x86)\Autodesk\Backburner\;C:\Program Files\IVI Foundation\VISA\Win64\Bin\;C:\Program Files (x86)\IVI Foundation\VISA\WinNT\Bin\;C:\Program Files (x86)\IVI Foundation\VISA\WinNT\Bin;C:\Program Files\TortoiseSVN\bin;C:\Program Files\MATLAB\R2012b\runtime\win64;C:\Program Files\MATLAB\R2012b\bin;C:\Program Files\WPIJavaCV\OpenCV_2.2.0\bin;C:\Program Files (x86)\Windows Live\Shared;C:\Program Files\Java\jre1.8.0_25\bin;C:\eclipse;]


**** Build of configuration Debug for project ProjectEuler ****

Nothing to build for project ProjectEuler
20:12:17 **** Incremental Build of configuration Rio_Beagle for project 2168_Vision_Example ****
Info: Internal Builder is used for build
arm-frc-linux-gnueabi-g++ "-IC:\\Users\\code\\Downloads\\2168_Vision_Example-master\\2168_Vision_Example-master\\_Includes\\OpenCV\\2.4.10" -O2 -g -Wall -c -fmessage-length=0 -fPIC -o "src\\main.o" "..\\src\\main.cpp" 
Cannot run program "arm-frc-linux-gnueabi-g++": Launching failed

Error: Program "arm-frc-linux-gnueabi-g++" not found in PATH
PATH=[C:/Program Files/Java/jre1.8.0_25/bin/server;C:/Program Files/Java/jre1.8.0_25/bin;C:/Program Files/Java/jre1.8.0_25/lib/amd64;C:\ProgramData\Oracle\Java\javapath;C:\Program Files\Common Files\Microsoft Shared\Windows Live;C:\Program Files (x86)\Common Files\Microsoft Shared\Windows Live;C:\Windows\system32;C:\Windows;C:\Windows\System32\Wbem;C:\Windows\System32\WindowsPowerShell\v1.0\;C:\Program Files (x86)\Autodesk\Backburner\;C:\Program Files\IVI Foundation\VISA\Win64\Bin\;C:\Program Files (x86)\IVI Foundation\VISA\WinNT\Bin\;C:\Program Files (x86)\IVI Foundation\VISA\WinNT\Bin;C:\Program Files\TortoiseSVN\bin;C:\Program Files\MATLAB\R2012b\runtime\win64;C:\Program Files\MATLAB\R2012b\bin;C:\Program Files\WPIJavaCV\OpenCV_2.2.0\bin;C:\Program Files (x86)\Windows Live\Shared;C:\Program Files\Java\jre1.8.0_25\bin;C:\eclipse;]


**** Build of configuration Debug for project ProjectEuler ****

Nothing to build for project ProjectEuler
20:12:39 **** Incremental Build of configuration Rio_Beagle for project 2168_Vision_Example ****
Info: Internal Builder is used for build
arm-frc-linux-gnueabi-g++ "-IC:\\Users\\code\\Downloads\\2168_Vision_Example-master\\2168_Vision_Example-master\\_Includes\\OpenCV\\2.4.10" -O2 -g -Wall -c -fmessage-length=0 -fPIC -o "src\\main.o" "..\\src\\main.cpp" 
Cannot run program "arm-frc-linux-gnueabi-g++": Launching failed

Error: Program "arm-frc-linux-gnueabi-g++" not found in PATH
PATH=[C:/Program Files/Java/jre1.8.0_25/bin/server;C:/Program Files/Java/jre1.8.0_25/bin;C:/Program Files/Java/jre1.8.0_25/lib/amd64;C:\ProgramData\Oracle\Java\javapath;C:\Program Files\Common Files\Microsoft Shared\Windows Live;C:\Program Files (x86)\Common Files\Microsoft Shared\Windows Live;C:\Windows\system32;C:\Windows;C:\Windows\System32\Wbem;C:\Windows\System32\WindowsPowerShell\v1.0\;C:\Program Files (x86)\Autodesk\Backburner\;C:\Program Files\IVI Foundation\VISA\Win64\Bin\;C:\Program Files (x86)\IVI Foundation\VISA\WinNT\Bin\;C:\Program Files (x86)\IVI Foundation\VISA\WinNT\Bin;C:\Program Files\TortoiseSVN\bin;C:\Program Files\MATLAB\R2012b\runtime\win64;C:\Program Files\MATLAB\R2012b\bin;C:\Program Files\WPIJavaCV\OpenCV_2.2.0\bin;C:\Program Files (x86)\Windows Live\Shared;C:\Program Files\Java\jre1.8.0_25\bin;C:\eclipse;]


**** Build of configuration Debug for project ProjectEuler ****

Nothing to build for project ProjectEuler
20:16:42 **** Incremental Build of configuration Rio_Beagle for project 2168_Vision_Example ****
Info: Internal Builder is used for build
arm-frc-linux-gnueabi-g++ "-IC:\\Users\\code\\Downloads\\2168_Vision_Example-master\\2168_Vision_Example-master\\_Includes\\OpenCV\\2.4.10" -O2 -g -Wall -c -fmessage-length=0 -fPIC -o "src\\main.o" "..\\src\\main.cpp" 
Cannot run program "arm-frc-linux-gnueabi-g++": Launching failed

Error: Program "arm-frc-linux-gnueabi-g++" not found in PATH
PATH=[C:/Program Files/Java/jre1.8.0_25/bin/server;C:/Program Files/Java/jre1.8.0_25/bin;C:/Program Files/Java/jre1.8.0_25/lib/amd64;C:\ProgramData\Oracle\Java\javapath;C:\Program Files\Common Files\Microsoft Shared\Windows Live;C:\Program Files (x86)\Common Files\Microsoft Shared\Windows Live;C:\Windows\system32;C:\Windows;C:\Windows\System32\Wbem;C:\Windows\System32\WindowsPowerShell\v1.0\;C:\Program Files (x86)\Autodesk\Backburner\;C:\Program Files\IVI Foundation\VISA\Win64\Bin\;C:\Program Files (x86)\IVI Foundation\VISA\WinNT\Bin\;C:\Program Files (x86)\IVI Foundation\VISA\WinNT\Bin;C:\Program Files\TortoiseSVN\bin;C:\Program Files\MATLAB\R2012b\runtime\win64;C:\Program Files\MATLAB\R2012b\bin;C:\Program Files\WPIJavaCV\OpenCV_2.2.0\bin;C:\Program Files (x86)\Windows Live\Shared;C:\Program Files\Java\jre1.8.0_25\bin;C:\eclipse;]


**** Build of configuration Debug for project ProjectEuler ****

Nothing to build for project ProjectEuler
20:19:35 **** Incremental Build of configuration Rio_Beagle for project 2168_Vision_Example ****
Info: Internal Builder is used for build
arm-frc-linux-gnueabi-g++ "-IC:\\Users\\code\\Downloads\\2168_Vision_Example-master\\2168_Vision_Example-master\\_Includes\\OpenCV\\2.4.10" -O2 -g -Wall -c -fmessage-length=0 -fPIC -o "src\\main.o" "..\\src\\main.cpp" 
Cannot run program "arm-frc-linux-gnueabi-g++": Launching failed

Error: Program "arm-frc-linux-gnueabi-g++" not found in PATH
PATH=[C:/Program Files/Java/jre1.8.0_25/bin/server;C:/Program Files/Java/jre1.8.0_25/bin;C:/Program Files/Java/jre1.8.0_25/lib/amd64;C:\ProgramData\Oracle\Java\javapath;C:\Program Files\Common Files\Microsoft Shared\Windows Live;C:\Program Files (x86)\Common Files\Microsoft Shared\Windows Live;C:\Windows\system32;C:\Windows;C:\Windows\System32\Wbem;C:\Windows\System32\WindowsPowerShell\v1.0\;C:\Program Files (x86)\Autodesk\Backburner\;C:\Program Files\IVI Foundation\VISA\Win64\Bin\;C:\Program Files (x86)\IVI Foundation\VISA\WinNT\Bin\;C:\Program Files (x86)\IVI Foundation\VISA\WinNT\Bin;C:\Program Files\TortoiseSVN\bin;C:\Program Files\MATLAB\R2012b\runtime\win64;C:\Program Files\MATLAB\R2012b\bin;C:\Program Files\WPIJavaCV\OpenCV_2.2.0\bin;C:\Program Files (x86)\Windows Live\Shared;C:\Program Files\Java\jre1.8.0_25\bin;C:\eclipse;]


**** Build of configuration Debug for project ProjectEuler ****

Nothing to build for project ProjectEuler
20:20:00 **** Incremental Build of configuration Rio_Beagle for project 2168_Vision_Example ****
Info: Internal Builder is used for build
arm-frc-linux-gnueabi-g++ "-IC:\\Users\\code\\Downloads\\2168_Vision_Example-master\\2168_Vision_Example-master\\_Includes\\OpenCV\\2.4.10" -O2 -g -Wall -c -fmessage-length=0 -fPIC -o "src\\main.o" "..\\src\\main.cpp" 
Cannot run program "arm-frc-linux-gnueabi-g++": Launching failed

Error: Program "arm-frc-linux-gnueabi-g++" not found in PATH
PATH=[C:/Program Files/Java/jre1.8.0_25/bin/server;C:/Program Files/Java/jre1.8.0_25/bin;C:/Program Files/Java/jre1.8.0_25/lib/amd64;C:\ProgramData\Oracle\Java\javapath;C:\Program Files\Common Files\Microsoft Shared\Windows Live;C:\Program Files (x86)\Common Files\Microsoft Shared\Windows Live;C:\Windows\system32;C:\Windows;C:\Windows\System32\Wbem;C:\Windows\System32\WindowsPowerShell\v1.0\;C:\Program Files (x86)\Autodesk\Backburner\;C:\Program Files\IVI Foundation\VISA\Win64\Bin\;C:\Program Files (x86)\IVI Foundation\VISA\WinNT\Bin\;C:\Program Files (x86)\IVI Foundation\VISA\WinNT\Bin;C:\Program Files\TortoiseSVN\bin;C:\Program Files\MATLAB\R2012b\runtime\win64;C:\Program Files\MATLAB\R2012b\bin;C:\Program Files\WPIJavaCV\OpenCV_2.2.0\bin;C:\Program Files (x86)\Windows Live\Shared;C:\Program Files\Java\jre1.8.0_25\bin;C:\eclipse;]


**** Build of configuration Debug for project ProjectEuler ****

Nothing to build for project ProjectEuler
10:29:20 **** Incremental Build of configuration Rio_Beagle for project 2168_Vision_Example ****
Info: Internal Builder is used for build
arm-frc-linux-gnueabi-g++ "-IC:\\Users\\code\\Downloads\\2168_Vision_Example-master\\2168_Vision_Example-master\\_Includes\\OpenCV\\2.4.10" -O2 -g -Wall -c -fmessage-length=0 -fPIC -o "src\\main.o" "..\\src\\main.cpp" 
Cannot run program "arm-frc-linux-gnueabi-g++": Launching failed

Error: Program "arm-frc-linux-gnueabi-g++" not found in PATH
PATH=[C:/Program Files/Java/jre1.8.0_25/bin/server;C:/Program Files/Java/jre1.8.0_25/bin;C:/Program Files/Java/jre1.8.0_25/lib/amd64;C:\ProgramData\Oracle\Java\javapath;C:\Program Files\Common Files\Microsoft Shared\Windows Live;C:\Program Files (x86)\Common Files\Microsoft Shared\Windows Live;C:\Windows\system32;C:\Windows;C:\Windows\System32\Wbem;C:\Windows\System32\WindowsPowerShell\v1.0\;C:\Program Files (x86)\Autodesk\Backburner\;C:\Program Files\IVI Foundation\VISA\Win64\Bin\;C:\Program Files (x86)\IVI Foundation\VISA\WinNT\Bin\;C:\Program Files (x86)\IVI Foundation\VISA\WinNT\Bin;C:\Program Files\TortoiseSVN\bin;C:\Program Files\MATLAB\R2012b\runtime\win64;C:\Program Files\MATLAB\R2012b\bin;C:\Program Files\WPIJavaCV\OpenCV_2.2.0\bin;C:\Program Files (x86)\Windows Live\Shared;C:\Program Files\Java\jre1.8.0_25\bin;C:\eclipse;]


**** Build of configuration Debug for project ProjectEuler ****

Nothing to build for project ProjectEuler
10:30:44 **** Incremental Build of configuration Rio_Beagle for project 2168_Vision_Example ****
Info: Internal Builder is used for build
arm-frc-linux-gnueabi-g++ "-IC:\\Users\\code\\Downloads\\2168_Vision_Example-master\\2168_Vision_Example-master\\_Includes\\OpenCV\\2.4.10" -O2 -g -Wall -c -fmessage-length=0 -fPIC -o "src\\main.o" "..\\src\\main.cpp" 
Cannot run program "arm-frc-linux-gnueabi-g++": Launching failed

Error: Program "arm-frc-linux-gnueabi-g++" not found in PATH
PATH=[C:/Program Files/Java/jre1.8.0_25/bin/server;C:/Program Files/Java/jre1.8.0_25/bin;C:/Program Files/Java/jre1.8.0_25/lib/amd64;C:\ProgramData\Oracle\Java\javapath;C:\Program Files\Common Files\Microsoft Shared\Windows Live;C:\Program Files (x86)\Common Files\Microsoft Shared\Windows Live;C:\Windows\system32;C:\Windows;C:\Windows\System32\Wbem;C:\Windows\System32\WindowsPowerShell\v1.0\;C:\Program Files (x86)\Autodesk\Backburner\;C:\Program Files\IVI Foundation\VISA\Win64\Bin\;C:\Program Files (x86)\IVI Foundation\VISA\WinNT\Bin\;C:\Program Files (x86)\IVI Foundation\VISA\WinNT\Bin;C:\Program Files\TortoiseSVN\bin;C:\Program Files\MATLAB\R2012b\runtime\win64;C:\Program Files\MATLAB\R2012b\bin;C:\Program Files\WPIJavaCV\OpenCV_2.2.0\bin;C:\Program Files (x86)\Windows Live\Shared;C:\Program Files\Java\jre1.8.0_25\bin;C:\eclipse;]


**** Build of configuration Debug for project ProjectEuler ****

Nothing to build for project ProjectEuler
10:50:03 **** Incremental Build of configuration Rio_Beagle for project 2168_Vision_Example ****
Info: Internal Builder is used for build
arm-frc-linux-gnueabi-g++ "-IC:\\Users\\code\\Downloads\\2168_Vision_Example-master\\2168_Vision_Example-master\\_Includes\\OpenCV\\2.4.10" -O2 -g -Wall -c -fmessage-length=0 -fPIC -o "src\\main.o" "..\\src\\main.cpp" 
Cannot run program "arm-frc-linux-gnueabi-g++": Launching failed

Error: Program "arm-frc-linux-gnueabi-g++" not found in PATH
PATH=[C:/Program Files/Java/jre1.8.0_25/bin/server;C:/Program Files/Java/jre1.8.0_25/bin;C:/Program Files/Java/jre1.8.0_25/lib/amd64;C:\ProgramData\Oracle\Java\javapath;C:\Program Files\Common Files\Microsoft Shared\Windows Live;C:\Program Files (x86)\Common Files\Microsoft Shared\Windows Live;C:\Windows\system32;C:\Windows;C:\Windows\System32\Wbem;C:\Windows\System32\WindowsPowerShell\v1.0\;C:\Program Files (x86)\Autodesk\Backburner\;C:\Program Files\IVI Foundation\VISA\Win64\Bin\;C:\Program Files (x86)\IVI Foundation\VISA\WinNT\Bin\;C:\Program Files (x86)\IVI Foundation\VISA\WinNT\Bin;C:\Program Files\TortoiseSVN\bin;C:\Program Files\MATLAB\R2012b\runtime\win64;C:\Program Files\MATLAB\R2012b\bin;C:\Program Files\WPIJavaCV\OpenCV_2.2.0\bin;C:\Program Files (x86)\Windows Live\Shared;C:\Program Files\Java\jre1.8.0_25\bin;C:\eclipse;]


**** Build of configuration Debug for project ProjectEuler ****

Nothing to build for project ProjectEuler
11:40:45 **** Incremental Build of configuration Rio_Beagle for project 2168_Vision_Example ****
Info: Internal Builder is used for build
arm-frc-linux-gnueabi-g++ "-IC:\\Users\\code\\Downloads\\2168_Vision_Example-master\\2168_Vision_Example-master\\_Includes\\OpenCV\\2.4.10" -O2 -g -Wall -c -fmessage-length=0 -fPIC -o "src\\main.o" "..\\src\\main.cpp" 
Cannot run program "arm-frc-linux-gnueabi-g++": Launching failed

Error: Program "arm-frc-linux-gnueabi-g++" not found in PATH
PATH=[C:/Program Files/Java/jre1.8.0_25/bin/server;C:/Program Files/Java/jre1.8.0_25/bin;C:/Program Files/Java/jre1.8.0_25/lib/amd64;C:\ProgramData\Oracle\Java\javapath;C:\Program Files\Common Files\Microsoft Shared\Windows Live;C:\Program Files (x86)\Common Files\Microsoft Shared\Windows Live;C:\Windows\system32;C:\Windows;C:\Windows\System32\Wbem;C:\Windows\System32\WindowsPowerShell\v1.0\;C:\Program Files (x86)\Autodesk\Backburner\;C:\Program Files\IVI Foundation\VISA\Win64\Bin\;C:\Program Files (x86)\IVI Foundation\VISA\WinNT\Bin\;C:\Program Files (x86)\IVI Foundation\VISA\WinNT\Bin;C:\Program Files\TortoiseSVN\bin;C:\Program Files\MATLAB\R2012b\runtime\win64;C:\Program Files\MATLAB\R2012b\bin;C:\Program Files\WPIJavaCV\OpenCV_2.2.0\bin;C:\Program Files (x86)\Windows Live\Shared;C:\Program Files\Java\jre1.8.0_25\bin;C:\eclipse;]


**** Build of configuration Debug for project ProjectEuler ****

Nothing to build for project ProjectEuler
11:41:42 **** Incremental Build of configuration Rio_Beagle for project 2168_Vision_Example ****
Info: Internal Builder is used for build
arm-frc-linux-gnueabi-g++ "-IC:\\Users\\code\\Downloads\\2168_Vision_Example-master\\2168_Vision_Example-master\\_Includes\\OpenCV\\2.4.10" -O2 -g -Wall -c -fmessage-length=0 -fPIC -o "src\\main.o" "..\\src\\main.cpp" 
Cannot run program "arm-frc-linux-gnueabi-g++": Launching failed

Error: Program "arm-frc-linux-gnueabi-g++" not found in PATH
PATH=[C:/Program Files/Java/jre1.8.0_25/bin/server;C:/Program Files/Java/jre1.8.0_25/bin;C:/Program Files/Java/jre1.8.0_25/lib/amd64;C:\ProgramData\Oracle\Java\javapath;C:\Program Files\Common Files\Microsoft Shared\Windows Live;C:\Program Files (x86)\Common Files\Microsoft Shared\Windows Live;C:\Windows\system32;C:\Windows;C:\Windows\System32\Wbem;C:\Windows\System32\WindowsPowerShell\v1.0\;C:\Program Files (x86)\Autodesk\Backburner\;C:\Program Files\IVI Foundation\VISA\Win64\Bin\;C:\Program Files (x86)\IVI Foundation\VISA\WinNT\Bin\;C:\Program Files (x86)\IVI Foundation\VISA\WinNT\Bin;C:\Program Files\TortoiseSVN\bin;C:\Program Files\MATLAB\R2012b\runtime\win64;C:\Program Files\MATLAB\R2012b\bin;C:\Program Files\WPIJavaCV\OpenCV_2.2.0\bin;C:\Program Files (x86)\Windows Live\Shared;C:\Program Files\Java\jre1.8.0_25\bin;C:\eclipse;]


**** Build of configuration Debug for project ProjectEuler ****

Nothing to build for project ProjectEuler
11:43:41 **** Incremental Build of configuration Rio_Beagle for project 2168_Vision_Example ****
Info: Internal Builder is used for build
arm-frc-linux-gnueabi-g++ "-IC:\\Users\\code\\Downloads\\2168_Vision_Example-master\\2168_Vision_Example-master\\_Includes\\OpenCV\\2.4.10" -O2 -g -Wall -c -fmessage-length=0 -fPIC -o "src\\main.o" "..\\src\\main.cpp" 
Cannot run program "arm-frc-linux-gnueabi-g++": Launching failed

Error: Program "arm-frc-linux-gnueabi-g++" not found in PATH
PATH=[C:/Program Files/Java/jre1.8.0_25/bin/server;C:/Program Files/Java/jre1.8.0_25/bin;C:/Program Files/Java/jre1.8.0_25/lib/amd64;C:\ProgramData\Oracle\Java\javapath;C:\Program Files\Common Files\Microsoft Shared\Windows Live;C:\Program Files (x86)\Common Files\Microsoft Shared\Windows Live;C:\Windows\system32;C:\Windows;C:\Windows\System32\Wbem;C:\Windows\System32\WindowsPowerShell\v1.0\;C:\Program Files (x86)\Autodesk\Backburner\;C:\Program Files\IVI Foundation\VISA\Win64\Bin\;C:\Program Files (x86)\IVI Foundation\VISA\WinNT\Bin\;C:\Program Files (x86)\IVI Foundation\VISA\WinNT\Bin;C:\Program Files\TortoiseSVN\bin;C:\Program Files\MATLAB\R2012b\runtime\win64;C:\Program Files\MATLAB\R2012b\bin;C:\Program Files\WPIJavaCV\OpenCV_2.2.0\bin;C:\Program Files (x86)\Windows Live\Shared;C:\Program Files\Java\jre1.8.0_25\bin;C:\eclipse;]


**** Build of configuration Debug for project ProjectEuler ****

Nothing to build for project ProjectEuler
13:47:07 **** Incremental Build of configuration Rio_Beagle for project 2168_Vision_Example ****
Info: Internal Builder is used for build
arm-frc-linux-gnueabi-g++ "-IC:\\Users\\code\\Downloads\\2168_Vision_Example-master\\2168_Vision_Example-master\\_Includes\\OpenCV\\2.4.10" -O2 -g -Wall -c -fmessage-length=0 -fPIC -o "src\\main.o" "..\\src\\main.cpp" 
Cannot run program "arm-frc-linux-gnueabi-g++": Launching failed

Error: Program "arm-frc-linux-gnueabi-g++" not found in PATH
PATH=[C:/Program Files/Java/jre1.8.0_25/bin/server;C:/Program Files/Java/jre1.8.0_25/bin;C:/Program Files/Java/jre1.8.0_25/lib/amd64;C:\ProgramData\Oracle\Java\javapath;C:\Program Files\Common Files\Microsoft Shared\Windows Live;C:\Program Files (x86)\Common Files\Microsoft Shared\Windows Live;C:\Windows\system32;C:\Windows;C:\Windows\System32\Wbem;C:\Windows\System32\WindowsPowerShell\v1.0\;C:\Program Files (x86)\Autodesk\Backburner\;C:\Program Files\IVI Foundation\VISA\Win64\Bin\;C:\Program Files (x86)\IVI Foundation\VISA\WinNT\Bin\;C:\Program Files (x86)\IVI Foundation\VISA\WinNT\Bin;C:\Program Files\TortoiseSVN\bin;C:\Program Files\MATLAB\R2012b\runtime\win64;C:\Program Files\MATLAB\R2012b\bin;C:\Program Files\WPIJavaCV\OpenCV_2.2.0\bin;C:\Program Files (x86)\Windows Live\Shared;C:\Program Files\Java\jre1.8.0_25\bin;C:\eclipse;]


**** Build of configuration Debug for project ProjectEuler ****

Nothing to build for project ProjectEuler
14:46:57 **** Incremental Build of configuration Rio_Beagle for project 2168_Vision_Example ****
Info: Internal Builder is used for build
arm-frc-linux-gnueabi-g++ "-IC:\\Users\\code\\Downloads\\2168_Vision_Example-master\\2168_Vision_Example-master\\_Includes\\OpenCV\\2.4.10" -O2 -g -Wall -c -fmessage-length=0 -fPIC -o "src\\main.o" "..\\src\\main.cpp" 
Cannot run program "arm-frc-linux-gnueabi-g++": Launching failed

Error: Program "arm-frc-linux-gnueabi-g++" not found in PATH
PATH=[C:/Program Files/Java/jre1.8.0_25/bin/server;C:/Program Files/Java/jre1.8.0_25/bin;C:/Program Files/Java/jre1.8.0_25/lib/amd64;C:\ProgramData\Oracle\Java\javapath;C:\Program Files\Common Files\Microsoft Shared\Windows Live;C:\Program Files (x86)\Common Files\Microsoft Shared\Windows Live;C:\Windows\system32;C:\Windows;C:\Windows\System32\Wbem;C:\Windows\System32\WindowsPowerShell\v1.0\;C:\Program Files (x86)\Autodesk\Backburner\;C:\Program Files\IVI Foundation\VISA\Win64\Bin\;C:\Program Files (x86)\IVI Foundation\VISA\WinNT\Bin\;C:\Program Files (x86)\IVI Foundation\VISA\WinNT\Bin;C:\Program Files\TortoiseSVN\bin;C:\Program Files\MATLAB\R2012b\runtime\win64;C:\Program Files\MATLAB\R2012b\bin;C:\Program Files\WPIJavaCV\OpenCV_2.2.0\bin;C:\Program Files (x86)\Windows Live\Shared;C:\Program Files\Java\jre1.8.0_25\bin;C:\eclipse;]


**** Build of configuration Debug for project ProjectEuler ****

Nothing to build for project ProjectEuler
15:04:41 **** Incremental Build of configuration Rio_Beagle for project 2168_Vision_Example ****
Info: Internal Builder is used for build
arm-frc-linux-gnueabi-g++ "-IC:\\Users\\code\\Downloads\\2168_Vision_Example-master\\2168_Vision_Example-master\\_Includes\\OpenCV\\2.4.10" -O2 -g -Wall -c -fmessage-length=0 -fPIC -o "src\\main.o" "..\\src\\main.cpp" 
Cannot run program "arm-frc-linux-gnueabi-g++": Launching failed

Error: Program "arm-frc-linux-gnueabi-g++" not found in PATH
PATH=[C:/Program Files/Java/jre1.8.0_25/bin/server;C:/Program Files/Java/jre1.8.0_25/bin;C:/Program Files/Java/jre1.8.0_25/lib/amd64;C:\ProgramData\Oracle\Java\javapath;C:\Program Files\Common Files\Microsoft Shared\Windows Live;C:\Program Files (x86)\Common Files\Microsoft Shared\Windows Live;C:\Windows\system32;C:\Windows;C:\Windows\System32\Wbem;C:\Windows\System32\WindowsPowerShell\v1.0\;C:\Program Files (x86)\Autodesk\Backburner\;C:\Program Files\IVI Foundation\VISA\Win64\Bin\;C:\Program Files (x86)\IVI Foundation\VISA\WinNT\Bin\;C:\Program Files (x86)\IVI Foundation\VISA\WinNT\Bin;C:\Program Files\TortoiseSVN\bin;C:\Program Files\MATLAB\R2012b\runtime\win64;C:\Program Files\MATLAB\R2012b\bin;C:\Program Files\WPIJavaCV\OpenCV_2.2.0\bin;C:\Program Files (x86)\Windows Live\Shared;C:\Program Files\Java\jre1.8.0_25\bin;C:\eclipse;]


**** Build of configuration Debug for project ProjectEuler ****

Nothing to build for project ProjectEuler
15:19:21 **** Incremental Build of configuration Rio_Beagle for project 2168_Vision_Example ****
Info: Internal Builder is used for build
arm-frc-linux-gnueabi-g++ "-IC:\\Users\\code\\Downloads\\2168_Vision_Example-master\\2168_Vision_Example-master\\_Includes\\OpenCV\\2.4.10" -O2 -g -Wall -c -fmessage-length=0 -fPIC -o "src\\main.o" "..\\src\\main.cpp" 
Cannot run program "arm-frc-linux-gnueabi-g++": Launching failed

Error: Program "arm-frc-linux-gnueabi-g++" not found in PATH
PATH=[C:/Program Files/Java/jre1.8.0_25/bin/server;C:/Program Files/Java/jre1.8.0_25/bin;C:/Program Files/Java/jre1.8.0_25/lib/amd64;C:\ProgramData\Oracle\Java\javapath;C:\Program Files\Common Files\Microsoft Shared\Windows Live;C:\Program Files (x86)\Common Files\Microsoft Shared\Windows Live;C:\Windows\system32;C:\Windows;C:\Windows\System32\Wbem;C:\Windows\System32\WindowsPowerShell\v1.0\;C:\Program Files (x86)\Autodesk\Backburner\;C:\Program Files\IVI Foundation\VISA\Win64\Bin\;C:\Program Files (x86)\IVI Foundation\VISA\WinNT\Bin\;C:\Program Files (x86)\IVI Foundation\VISA\WinNT\Bin;C:\Program Files\TortoiseSVN\bin;C:\Program Files\MATLAB\R2012b\runtime\win64;C:\Program Files\MATLAB\R2012b\bin;C:\Program Files\WPIJavaCV\OpenCV_2.2.0\bin;C:\Program Files (x86)\Windows Live\Shared;C:\Program Files\Java\jre1.8.0_25\bin;C:\eclipse;]


**** Build of configuration Debug for project ProjectEuler ****

Nothing to build for project ProjectEuler
15:21:45 **** Incremental Build of configuration Rio_Beagle for project 2168_Vision_Example ****
Info: Internal Builder is used for build
arm-frc-linux-gnueabi-g++ "-IC:\\Users\\code\\Downloads\\2168_Vision_Example-master\\2168_Vision_Example-master\\_Includes\\OpenCV\\2.4.10" -O2 -g -Wall -c -fmessage-length=0 -fPIC -o "src\\main.o" "..\\src\\main.cpp" 
Cannot run program "arm-frc-linux-gnueabi-g++": Launching failed

Error: Program "arm-frc-linux-gnueabi-g++" not found in PATH
PATH=[C:/Program Files/Java/jre1.8.0_25/bin/server;C:/Program Files/Java/jre1.8.0_25/bin;C:/Program Files/Java/jre1.8.0_25/lib/amd64;C:\ProgramData\Oracle\Java\javapath;C:\Program Files\Common Files\Microsoft Shared\Windows Live;C:\Program Files (x86)\Common Files\Microsoft Shared\Windows Live;C:\Windows\system32;C:\Windows;C:\Windows\System32\Wbem;C:\Windows\System32\WindowsPowerShell\v1.0\;C:\Program Files (x86)\Autodesk\Backburner\;C:\Program Files\IVI Foundation\VISA\Win64\Bin\;C:\Program Files (x86)\IVI Foundation\VISA\WinNT\Bin\;C:\Program Files (x86)\IVI Foundation\VISA\WinNT\Bin;C:\Program Files\TortoiseSVN\bin;C:\Program Files\MATLAB\R2012b\runtime\win64;C:\Program Files\MATLAB\R2012b\bin;C:\Program Files\WPIJavaCV\OpenCV_2.2.0\bin;C:\Program Files (x86)\Windows Live\Shared;C:\Program Files\Java\jre1.8.0_25\bin;C:\eclipse;]


**** Build of configuration Debug for project ProjectEuler ****

Nothing to build for project ProjectEuler
17:25:02 **** Incremental Build of configuration Rio_Beagle for project 2168_Vision_Example ****
Info: Internal Builder is used for build
arm-frc-linux-gnueabi-g++ "-IC:\\Users\\code\\Downloads\\2168_Vision_Example-master\\2168_Vision_Example-master\\_Includes\\OpenCV\\2.4.10" -O2 -g -Wall -c -fmessage-length=0 -fPIC -o "src\\main.o" "..\\src\\main.cpp" 
Cannot run program "arm-frc-linux-gnueabi-g++": Launching failed

Error: Program "arm-frc-linux-gnueabi-g++" not found in PATH
PATH=[C:/Program Files/Java/jre1.8.0_25/bin/server;C:/Program Files/Java/jre1.8.0_25/bin;C:/Program Files/Java/jre1.8.0_25/lib/amd64;C:\ProgramData\Oracle\Java\javapath;C:\Program Files\Common Files\Microsoft Shared\Windows Live;C:\Program Files (x86)\Common Files\Microsoft Shared\Windows Live;C:\Windows\system32;C:\Windows;C:\Windows\System32\Wbem;C:\Windows\System32\WindowsPowerShell\v1.0\;C:\Program Files (x86)\Autodesk\Backburner\;C:\Program Files\IVI Foundation\VISA\Win64\Bin\;C:\Program Files (x86)\IVI Foundation\VISA\WinNT\Bin\;C:\Program Files (x86)\IVI Foundation\VISA\WinNT\Bin;C:\Program Files\TortoiseSVN\bin;C:\Program Files\MATLAB\R2012b\runtime\win64;C:\Program Files\MATLAB\R2012b\bin;C:\Program Files\WPIJavaCV\OpenCV_2.2.0\bin;C:\Program Files (x86)\Windows Live\Shared;C:\Program Files\Java\jre1.8.0_25\bin;C:\eclipse;]


**** Build of configuration Debug for project ProjectEuler ****

Nothing to build for project ProjectEuler
17:42:40 **** Incremental Build of configuration Rio_Beagle for project 2168_Vision_Example ****
Info: Internal Builder is used for build
arm-frc-linux-gnueabi-g++ "-IC:\\Users\\code\\Downloads\\2168_Vision_Example-master\\2168_Vision_Example-master\\_Includes\\OpenCV\\2.4.10" -O2 -g -Wall -c -fmessage-length=0 -fPIC -o "src\\main.o" "..\\src\\main.cpp" 
Cannot run program "arm-frc-linux-gnueabi-g++": Launching failed

Error: Program "arm-frc-linux-gnueabi-g++" not found in PATH
PATH=[C:/Program Files/Java/jre1.8.0_25/bin/server;C:/Program Files/Java/jre1.8.0_25/bin;C:/Program Files/Java/jre1.8.0_25/lib/amd64;C:\ProgramData\Oracle\Java\javapath;C:\Program Files\Common Files\Microsoft Shared\Windows Live;C:\Program Files (x86)\Common Files\Microsoft Shared\Windows Live;C:\Windows\system32;C:\Windows;C:\Windows\System32\Wbem;C:\Windows\System32\WindowsPowerShell\v1.0\;C:\Program Files (x86)\Autodesk\Backburner\;C:\Program Files\IVI Foundation\VISA\Win64\Bin\;C:\Program Files (x86)\IVI Foundation\VISA\WinNT\Bin\;C:\Program Files (x86)\IVI Foundation\VISA\WinNT\Bin;C:\Program Files\TortoiseSVN\bin;C:\Program Files\MATLAB\R2012b\runtime\win64;C:\Program Files\MATLAB\R2012b\bin;C:\Program Files\WPIJavaCV\OpenCV_2.2.0\bin;C:\Program Files (x86)\Windows Live\Shared;C:\Program Files\Java\jre1.8.0_25\bin;C:\eclipse;]


**** Build of configuration Debug for project ProjectEuler ****

Nothing to build for project ProjectEuler
17:44:56 **** Incremental Build of configuration Rio_Beagle for project 2168_Vision_Example ****
Info: Internal Builder is used for build
arm-frc-linux-gnueabi-g++ "-IC:\\Users\\code\\Downloads\\2168_Vision_Example-master\\2168_Vision_Example-master\\_Includes\\OpenCV\\2.4.10" -O2 -g -Wall -c -fmessage-length=0 -fPIC -o "src\\main.o" "..\\src\\main.cpp" 
Cannot run program "arm-frc-linux-gnueabi-g++": Launching failed

Error: Program "arm-frc-linux-gnueabi-g++" not found in PATH
PATH=[C:/Program Files/Java/jre1.8.0_25/bin/server;C:/Program Files/Java/jre1.8.0_25/bin;C:/Program Files/Java/jre1.8.0_25/lib/amd64;C:\ProgramData\Oracle\Java\javapath;C:\Program Files\Common Files\Microsoft Shared\Windows Live;C:\Program Files (x86)\Common Files\Microsoft Shared\Windows Live;C:\Windows\system32;C:\Windows;C:\Windows\System32\Wbem;C:\Windows\System32\WindowsPowerShell\v1.0\;C:\Program Files (x86)\Autodesk\Backburner\;C:\Program Files\IVI Foundation\VISA\Win64\Bin\;C:\Program Files (x86)\IVI Foundation\VISA\WinNT\Bin\;C:\Program Files (x86)\IVI Foundation\VISA\WinNT\Bin;C:\Program Files\TortoiseSVN\bin;C:\Program Files\MATLAB\R2012b\runtime\win64;C:\Program Files\MATLAB\R2012b\bin;C:\Program Files\WPIJavaCV\OpenCV_2.2.0\bin;C:\Program Files (x86)\Windows Live\Shared;C:\Program Files\Java\jre1.8.0_25\bin;C:\eclipse;]


**** Build of configuration Debug for project ProjectEuler ****

Nothing to build for project ProjectEuler
17:55:01 **** Incremental Build of configuration Rio_Beagle for project 2168_Vision_Example ****
Info: Internal Builder is used for build
arm-frc-linux-gnueabi-g++ "-IC:\\Users\\code\\Downloads\\2168_Vision_Example-master\\2168_Vision_Example-master\\_Includes\\OpenCV\\2.4.10" -O2 -g -Wall -c -fmessage-length=0 -fPIC -o "src\\main.o" "..\\src\\main.cpp" 
Cannot run program "arm-frc-linux-gnueabi-g++": Launching failed

Error: Program "arm-frc-linux-gnueabi-g++" not found in PATH
PATH=[C:/Program Files/Java/jre1.8.0_25/bin/server;C:/Program Files/Java/jre1.8.0_25/bin;C:/Program Files/Java/jre1.8.0_25/lib/amd64;C:\ProgramData\Oracle\Java\javapath;C:\Program Files\Common Files\Microsoft Shared\Windows Live;C:\Program Files (x86)\Common Files\Microsoft Shared\Windows Live;C:\Windows\system32;C:\Windows;C:\Windows\System32\Wbem;C:\Windows\System32\WindowsPowerShell\v1.0\;C:\Program Files (x86)\Autodesk\Backburner\;C:\Program Files\IVI Foundation\VISA\Win64\Bin\;C:\Program Files (x86)\IVI Foundation\VISA\WinNT\Bin\;C:\Program Files (x86)\IVI Foundation\VISA\WinNT\Bin;C:\Program Files\TortoiseSVN\bin;C:\Program Files\MATLAB\R2012b\runtime\win64;C:\Program Files\MATLAB\R2012b\bin;C:\Program Files\WPIJavaCV\OpenCV_2.2.0\bin;C:\Program Files (x86)\Windows Live\Shared;C:\Program Files\Java\jre1.8.0_25\bin;C:\eclipse;]


**** Build of configuration Debug for project ProjectEuler ****

Nothing to build for project ProjectEuler
17:57:28 **** Incremental Build of configuration Rio_Beagle for project 2168_Vision_Example ****
Info: Internal Builder is used for build
arm-frc-linux-gnueabi-g++ "-IC:\\Users\\code\\Downloads\\2168_Vision_Example-master\\2168_Vision_Example-master\\_Includes\\OpenCV\\2.4.10" -O2 -g -Wall -c -fmessage-length=0 -fPIC -o "src\\main.o" "..\\src\\main.cpp" 
Cannot run program "arm-frc-linux-gnueabi-g++": Launching failed

Error: Program "arm-frc-linux-gnueabi-g++" not found in PATH
PATH=[C:/Program Files/Java/jre1.8.0_25/bin/server;C:/Program Files/Java/jre1.8.0_25/bin;C:/Program Files/Java/jre1.8.0_25/lib/amd64;C:\ProgramData\Oracle\Java\javapath;C:\Program Files\Common Files\Microsoft Shared\Windows Live;C:\Program Files (x86)\Common Files\Microsoft Shared\Windows Live;C:\Windows\system32;C:\Windows;C:\Windows\System32\Wbem;C:\Windows\System32\WindowsPowerShell\v1.0\;C:\Program Files (x86)\Autodesk\Backburner\;C:\Program Files\IVI Foundation\VISA\Win64\Bin\;C:\Program Files (x86)\IVI Foundation\VISA\WinNT\Bin\;C:\Program Files (x86)\IVI Foundation\VISA\WinNT\Bin;C:\Program Files\TortoiseSVN\bin;C:\Program Files\MATLAB\R2012b\runtime\win64;C:\Program Files\MATLAB\R2012b\bin;C:\Program Files\WPIJavaCV\OpenCV_2.2.0\bin;C:\Program Files (x86)\Windows Live\Shared;C:\Program Files\Java\jre1.8.0_25\bin;C:\eclipse;]


**** Build of configuration Debug for project ProjectEuler ****

Nothing to build for project ProjectEuler
